#
# There is insufficient memory for the Java Runtime Environment to continue.
# Native memory allocation (mmap) failed to map 62914560 bytes for G1 virtual space
# Possible reasons:
#   The system is out of physical RAM or swap space
#   The process is running with CompressedOops enabled, and the Java Heap may be blocking the growth of the native heap
# Possible solutions:
#   Reduce memory load on the system
#   Increase physical memory or swap space
#   Check if swap backing store is full
#   Decrease Java heap size (-Xmx/-Xms)
#   Decrease number of Java threads
#   Decrease Java thread stack sizes (-Xss)
#   Set larger code cache with -XX:ReservedCodeCacheSize=
#   JVM is running with Unscaled Compressed Oops mode in which the Java heap is
#     placed in the first 4GB address space. The Java Heap base address is the
#     maximum limit for the native heap growth. Please use -XX:HeapBaseMinAddress
#     to set the Java Heap base and to place the Java Heap above 4GB virtual address.
# This output file may be truncated or incomplete.
#
#  Out of Memory Error (os_windows.cpp:3530), pid=24028, tid=27160
#
# JRE version: OpenJDK Runtime Environment (18.0.2.1+1) (build 18.0.2.1+1-1)
# Java VM: OpenJDK 64-Bit Server VM (18.0.2.1+1-1, mixed mode, sharing, tiered, compressed oops, compressed class ptrs, g1 gc, windows-amd64)
# No core dump will be written. Minidumps are not enabled by default on client versions of Windows
#

---------------  S U M M A R Y ------------

Command Line: -javaagent:C:\Program Files\JetBrains\IntelliJ IDEA 2022.2.4\lib\idea_rt.jar=1771:C:\Program Files\JetBrains\IntelliJ IDEA 2022.2.4\bin -Dfile.encoding=UTF-8 -Dsun.stdout.encoding=UTF-8 -Dsun.stderr.encoding=UTF-8 --module-path=C:\Users\Saad Suleman\.m2\repository\org\openjfx\javafx-fxml\18.0.1\javafx-fxml-18.0.1-win.jar;C:\Users\Saad Suleman\.m2\repository\org\openjfx\javafx-base\18.0.1\javafx-base-18.0.1-win.jar;C:\Users\Saad Suleman\.m2\repository\org\openjfx\javafx-graphics\18.0.1\javafx-graphics-18.0.1-win.jar;D:\PrivatePRoject\Privateproject\AHHASC\target\classes;C:\Users\Saad Suleman\.m2\repository\org\openjfx\javafx-controls\18.0.1\javafx-controls-18.0.1-win.jar -Djdk.module.main=com.example.ahhasc com.example.ahhasc/com.example.ahhasc.Main

Host: Intel(R) Core(TM) i7-7820HQ CPU @ 2.90GHz, 8 cores, 7G,  Windows 10 , 64 bit Build 19041 (10.0.19041.2364)
Time: Mon Jan 30 08:40:02 2023 Pakistan Standard Time elapsed time: 3.958395 seconds (0d 0h 0m 3s)

---------------  T H R E A D  ---------------

Current thread (0x00000202f820dc60):  VMThread "VM Thread" [stack: 0x0000002dd2700000,0x0000002dd2800000] [id=27160]

Stack: [0x0000002dd2700000,0x0000002dd2800000]
Native frames: (J=compiled Java code, j=interpreted, Vv=VM code, C=native code)
V  [jvm.dll+0x6993aa]
V  [jvm.dll+0x7f46dd]
V  [jvm.dll+0x7f5fee]
V  [jvm.dll+0x7f66a3]
V  [jvm.dll+0x25cf1f]
V  [jvm.dll+0x6962f9]
V  [jvm.dll+0x68ae2a]
V  [jvm.dll+0x32255b]
V  [jvm.dll+0x329f36]
V  [jvm.dll+0x37eade]
V  [jvm.dll+0x37ed0f]
V  [jvm.dll+0x2fa2da]
V  [jvm.dll+0x2fd0d6]
V  [jvm.dll+0x307545]
V  [jvm.dll+0x33c650]
V  [jvm.dll+0x7fb48b]
V  [jvm.dll+0x7fc224]
V  [jvm.dll+0x7fc75c]
V  [jvm.dll+0x7fcbb4]
V  [jvm.dll+0x7fcc77]
V  [jvm.dll+0x7a120a]
V  [jvm.dll+0x698255]
C  [ucrtbase.dll+0x21bb2]
C  [KERNEL32.DLL+0x17614]
C  [ntdll.dll+0x526a1]

VM_Operation (0x0000002dd23ffa40): G1Concurrent, mode: safepoint, requested by thread 0x00000202da128c10


---------------  P R O C E S S  ---------------

Threads class SMR info:
_java_thread_list=0x00000202fd6ef1a0, length=20, elements={
0x00000202da0b90c0, 0x00000202f8211400, 0x00000202f8212060, 0x00000202f822c510,
0x00000202f822ceb0, 0x00000202f822f000, 0x00000202f8230280, 0x00000202f8236e80,
0x00000202f823b870, 0x00000202f823fb90, 0x00000202f82ce010, 0x00000202fc7e33f0,
0x00000202fca42ca0, 0x00000202fc6a0e30, 0x00000202fcf218c0, 0x00000202fcf4ce70,
0x00000202fd4c6410, 0x00000202fceaee40, 0x00000202fcf7dd40, 0x00000202fcf7c060
}

Java Threads: ( => current thread )
  0x00000202da0b90c0 JavaThread "main" [_thread_blocked, id=13068, stack(0x0000002dd2100000,0x0000002dd2200000)]
  0x00000202f8211400 JavaThread "Reference Handler" daemon [_thread_blocked, id=15084, stack(0x0000002dd2800000,0x0000002dd2900000)]
  0x00000202f8212060 JavaThread "Finalizer" daemon [_thread_blocked, id=15716, stack(0x0000002dd2900000,0x0000002dd2a00000)]
  0x00000202f822c510 JavaThread "Signal Dispatcher" daemon [_thread_blocked, id=24732, stack(0x0000002dd2a00000,0x0000002dd2b00000)]
  0x00000202f822ceb0 JavaThread "Attach Listener" daemon [_thread_blocked, id=26180, stack(0x0000002dd2b00000,0x0000002dd2c00000)]
  0x00000202f822f000 JavaThread "Service Thread" daemon [_thread_blocked, id=23628, stack(0x0000002dd2c00000,0x0000002dd2d00000)]
  0x00000202f8230280 JavaThread "Monitor Deflation Thread" daemon [_thread_blocked, id=19964, stack(0x0000002dd2d00000,0x0000002dd2e00000)]
  0x00000202f8236e80 JavaThread "C2 CompilerThread0" daemon [_thread_blocked, id=19452, stack(0x0000002dd2e00000,0x0000002dd2f00000)]
  0x00000202f823b870 JavaThread "C1 CompilerThread0" daemon [_thread_blocked, id=18892, stack(0x0000002dd2f00000,0x0000002dd3000000)]
  0x00000202f823fb90 JavaThread "Sweeper thread" daemon [_thread_blocked, id=24436, stack(0x0000002dd3000000,0x0000002dd3100000)]
  0x00000202f82ce010 JavaThread "Common-Cleaner" daemon [_thread_blocked, id=20492, stack(0x0000002dd3100000,0x0000002dd3200000)]
  0x00000202fc7e33f0 JavaThread "Monitor Ctrl-Break" daemon [_thread_in_native, id=1776, stack(0x0000002dd3400000,0x0000002dd3500000)]
  0x00000202fca42ca0 JavaThread "Notification Thread" daemon [_thread_blocked, id=12420, stack(0x0000002dd3500000,0x0000002dd3600000)]
  0x00000202fc6a0e30 JavaThread "QuantumRenderer-0" daemon [_thread_blocked, id=21564, stack(0x0000002dd3700000,0x0000002dd3800000)]
  0x00000202fcf218c0 JavaThread "InvokeLaterDispatcher" daemon [_thread_blocked, id=19372, stack(0x0000002dd3800000,0x0000002dd3900000)]
  0x00000202fcf4ce70 JavaThread "JavaFX Application Thread" [_thread_blocked, id=4892, stack(0x0000002dd3900000,0x0000002dd3a00000)]
  0x00000202fd4c6410 JavaThread "Thread-1" daemon [_thread_blocked, id=25636, stack(0x0000002dd3d00000,0x0000002dd3e00000)]
  0x00000202fceaee40 JavaThread "JavaFX-Launcher" [_thread_blocked, id=4724, stack(0x0000002dd3e00000,0x0000002dd3f00000)]
  0x00000202fcf7dd40 JavaThread "Prism Font Disposer" daemon [_thread_blocked, id=19900, stack(0x0000002dd4400000,0x0000002dd4500000)]
  0x00000202fcf7c060 JavaThread "Cleaner-0" daemon [_thread_blocked, id=23596, stack(0x0000002dd4d00000,0x0000002dd4e00000)]

Other Threads:
=>0x00000202f820dc60 VMThread "VM Thread" [stack: 0x0000002dd2700000,0x0000002dd2800000] [id=27160]
  0x00000202fc7a60c0 WatcherThread "VM Periodic Task Thread" [stack: 0x0000002dd3600000,0x0000002dd3700000] [id=22512]
  0x00000202da118730 WorkerThread "GC Thread#0" [stack: 0x0000002dd2200000,0x0000002dd2300000] [id=18872]
  0x00000202fcfd5ed0 WorkerThread "GC Thread#1" [stack: 0x0000002dd3f00000,0x0000002dd4000000] [id=28416]
  0x00000202fcfd6170 WorkerThread "GC Thread#2" [stack: 0x0000002dd4000000,0x0000002dd4100000] [id=3428]
  0x00000202fd5afd10 WorkerThread "GC Thread#3" [stack: 0x0000002dd4100000,0x0000002dd4200000] [id=14852]
  0x00000202fd5b14b0 WorkerThread "GC Thread#4" [stack: 0x0000002dd4200000,0x0000002dd4300000] [id=28608]
  0x00000202fd5b1750 WorkerThread "GC Thread#5" [stack: 0x0000002dd4300000,0x0000002dd4400000] [id=9528]
  0x00000202fd5b2710 WorkerThread "GC Thread#6" [stack: 0x0000002dd4500000,0x0000002dd4600000] [id=5980]
  0x00000202fd5aeff0 WorkerThread "GC Thread#7" [stack: 0x0000002dd4600000,0x0000002dd4700000] [id=3580]
  0x00000202da128c10 ConcurrentGCThread "G1 Main Marker" [stack: 0x0000002dd2300000,0x0000002dd2400000] [id=16000]
  0x00000202d7f8c470 WorkerThread "G1 Conc#0" [stack: 0x0000002dd2400000,0x0000002dd2500000] [id=17216]
  0x00000202fd8eb820 WorkerThread "G1 Conc#1" [stack: 0x0000002dd4e00000,0x0000002dd4f00000] [id=21116]
  0x00000202da1759d0 ConcurrentGCThread "G1 Refine#0" [stack: 0x0000002dd2500000,0x0000002dd2600000] [id=14992]
  0x00000202da1772f0 ConcurrentGCThread "G1 Service" [stack: 0x0000002dd2600000,0x0000002dd2700000] [id=18944]

Threads with active compile tasks:

VM state: at safepoint (normal execution)

VM Mutex/Monitor currently owned by a thread:  ([mutex/lock_event])
[0x00000202da0b6350] Threads_lock - owner thread: 0x00000202f820dc60
[0x00000202da0b63e0] Heap_lock - owner thread: 0x00000202da128c10

Heap address: 0x0000000081c00000, size: 2020 MB, Compressed Oops mode: 32-bit

CDS archive(s) mapped at: [0x0000000800000000-0x0000000800ba0000-0x0000000800ba0000), size 12189696, SharedBaseAddress: 0x0000000800000000, ArchiveRelocationMode: 0.
Compressed class space mapped at: 0x0000000800c00000-0x0000000840c00000, reserved size: 1073741824
Narrow klass base: 0x0000000800000000, Narrow klass shift: 0, Narrow klass range: 0x100000000

GC Precious Log:
 CardTable entry size: 512
 Card Set container configuration: InlinePtr #cards 5 size 8 Array Of Cards #cards 12 size 40 Howl #buckets 4 coarsen threshold 1843 Howl Bitmap #cards 512 size 80 coarsen threshold 460 Card regions per heap region 1 cards per card region 2048
 CPUs: 8 total, 8 available
 Memory: 8072M
 Large Page Support: Disabled
 NUMA Support: Disabled
 Compressed Oops: Enabled (32-bit)
 Heap Region Size: 1M
 Heap Min Capacity: 8M
 Heap Initial Capacity: 128M
 Heap Max Capacity: 2020M
 Pre-touch: Disabled
 Parallel Workers: 8
 Concurrent Workers: 2
 Concurrent Refinement Workers: 8
 Periodic GC: Disabled

Heap:
 garbage-first heap   total 347136K, used 243053K [0x0000000081c00000, 0x0000000100000000)
  region size 1024K, 6 young (6144K), 5 survivors (5120K)
 Metaspace       used 14771K, committed 15040K, reserved 1114112K
  class space    used 2124K, committed 2240K, reserved 1048576K

Heap Regions: E=young(eden), S=young(survivor), O=old, HS=humongous(starts), HC=humongous(continues), CS=collection set, F=free, OA=open archive, CA=closed archive, TAMS=top-at-mark-start (previous, next)
|   0|0x0000000081c00000, 0x0000000081d00000, 0x0000000081d00000|100%| O|  |TAMS 0x0000000081ccba00, 0x0000000081c00000| Untracked 
|   1|0x0000000081d00000, 0x0000000081e00000, 0x0000000081e00000|100%| O|  |TAMS 0x0000000081d00000, 0x0000000081d00000| Untracked 
|   2|0x0000000081e00000, 0x0000000081eba608, 0x0000000081f00000| 72%| O|  |TAMS 0x0000000081e00000, 0x0000000081e00000| Updating 
|   3|0x0000000081f00000, 0x0000000082000000, 0x0000000082000000|100%|HS|  |TAMS 0x0000000081f00000, 0x0000000081f00000| Complete 
|   4|0x0000000082000000, 0x0000000082100000, 0x0000000082100000|100%|HC|  |TAMS 0x0000000082000000, 0x0000000082000000| Complete 
|   5|0x0000000082100000, 0x0000000082100000, 0x0000000082200000|  0%| F|  |TAMS 0x0000000082100000, 0x0000000082100000| Untracked 
|   6|0x0000000082200000, 0x0000000082200000, 0x0000000082300000|  0%| F|  |TAMS 0x0000000082200000, 0x0000000082200000| Untracked 
|   7|0x0000000082300000, 0x0000000082300000, 0x0000000082400000|  0%| F|  |TAMS 0x0000000082300000, 0x0000000082300000| Untracked 
|   8|0x0000000082400000, 0x0000000082400000, 0x0000000082500000|  0%| F|  |TAMS 0x0000000082400000, 0x0000000082400000| Untracked 
|   9|0x0000000082500000, 0x0000000082500000, 0x0000000082600000|  0%| F|  |TAMS 0x0000000082500000, 0x0000000082500000| Untracked 
|  10|0x0000000082600000, 0x0000000082600000, 0x0000000082700000|  0%| F|  |TAMS 0x0000000082600000, 0x0000000082600000| Untracked 
|  11|0x0000000082700000, 0x0000000082700000, 0x0000000082800000|  0%| F|  |TAMS 0x0000000082700000, 0x0000000082700000| Untracked 
|  12|0x0000000082800000, 0x0000000082800000, 0x0000000082900000|  0%| F|  |TAMS 0x0000000082800000, 0x0000000082800000| Untracked 
|  13|0x0000000082900000, 0x0000000082900000, 0x0000000082a00000|  0%| F|  |TAMS 0x0000000082900000, 0x0000000082900000| Untracked 
|  14|0x0000000082a00000, 0x0000000082a00000, 0x0000000082b00000|  0%| F|  |TAMS 0x0000000082a00000, 0x0000000082a00000| Untracked 
|  15|0x0000000082b00000, 0x0000000082b00000, 0x0000000082c00000|  0%| F|  |TAMS 0x0000000082b00000, 0x0000000082b00000| Untracked 
|  16|0x0000000082c00000, 0x0000000082c00000, 0x0000000082d00000|  0%| F|  |TAMS 0x0000000082c00000, 0x0000000082c00000| Untracked 
|  17|0x0000000082d00000, 0x0000000082d00000, 0x0000000082e00000|  0%| F|  |TAMS 0x0000000082d00000, 0x0000000082d00000| Untracked 
|  18|0x0000000082e00000, 0x0000000082e00000, 0x0000000082f00000|  0%| F|  |TAMS 0x0000000082e00000, 0x0000000082e00000| Untracked 
|  19|0x0000000082f00000, 0x0000000082f00000, 0x0000000083000000|  0%| F|  |TAMS 0x0000000082f00000, 0x0000000082f00000| Untracked 
|  20|0x0000000083000000, 0x0000000083000000, 0x0000000083100000|  0%| F|  |TAMS 0x0000000083000000, 0x0000000083000000| Untracked 
|  21|0x0000000083100000, 0x0000000083100000, 0x0000000083200000|  0%| F|  |TAMS 0x0000000083100000, 0x0000000083100000| Untracked 
|  22|0x0000000083200000, 0x0000000083200000, 0x0000000083300000|  0%| F|  |TAMS 0x0000000083200000, 0x0000000083200000| Untracked 
|  23|0x0000000083300000, 0x0000000083300000, 0x0000000083400000|  0%| F|  |TAMS 0x0000000083300000, 0x0000000083300000| Untracked 
|  24|0x0000000083400000, 0x0000000083400000, 0x0000000083500000|  0%| F|  |TAMS 0x0000000083400000, 0x0000000083400000| Untracked 
|  25|0x0000000083500000, 0x0000000083500000, 0x0000000083600000|  0%| F|  |TAMS 0x0000000083500000, 0x0000000083500000| Untracked 
|  26|0x0000000083600000, 0x0000000083600000, 0x0000000083700000|  0%| F|  |TAMS 0x0000000083600000, 0x0000000083600000| Untracked 
|  27|0x0000000083700000, 0x0000000083700000, 0x0000000083800000|  0%| F|  |TAMS 0x0000000083700000, 0x0000000083700000| Untracked 
|  28|0x0000000083800000, 0x0000000083800000, 0x0000000083900000|  0%| F|  |TAMS 0x0000000083800000, 0x0000000083800000| Untracked 
|  29|0x0000000083900000, 0x0000000083900000, 0x0000000083a00000|  0%| F|  |TAMS 0x0000000083900000, 0x0000000083900000| Untracked 
|  30|0x0000000083a00000, 0x0000000083a00000, 0x0000000083b00000|  0%| F|  |TAMS 0x0000000083a00000, 0x0000000083a00000| Untracked 
|  31|0x0000000083b00000, 0x0000000083b00000, 0x0000000083c00000|  0%| F|  |TAMS 0x0000000083b00000, 0x0000000083b00000| Untracked 
|  32|0x0000000083c00000, 0x0000000083c00000, 0x0000000083d00000|  0%| F|  |TAMS 0x0000000083c00000, 0x0000000083c00000| Untracked 
|  33|0x0000000083d00000, 0x0000000083d00000, 0x0000000083e00000|  0%| F|  |TAMS 0x0000000083d00000, 0x0000000083d00000| Untracked 
|  34|0x0000000083e00000, 0x0000000083e00000, 0x0000000083f00000|  0%| F|  |TAMS 0x0000000083e00000, 0x0000000083e00000| Untracked 
|  35|0x0000000083f00000, 0x0000000083f00000, 0x0000000084000000|  0%| F|  |TAMS 0x0000000083f00000, 0x0000000083f00000| Untracked 
|  36|0x0000000084000000, 0x0000000084000000, 0x0000000084100000|  0%| F|  |TAMS 0x0000000084000000, 0x0000000084000000| Untracked 
|  37|0x0000000084100000, 0x0000000084100000, 0x0000000084200000|  0%| F|  |TAMS 0x0000000084100000, 0x0000000084100000| Untracked 
|  38|0x0000000084200000, 0x0000000084200000, 0x0000000084300000|  0%| F|  |TAMS 0x0000000084200000, 0x0000000084200000| Untracked 
|  39|0x0000000084300000, 0x0000000084300000, 0x0000000084400000|  0%| F|  |TAMS 0x0000000084300000, 0x0000000084300000| Untracked 
|  40|0x0000000084400000, 0x0000000084400000, 0x0000000084500000|  0%| F|  |TAMS 0x0000000084400000, 0x0000000084400000| Untracked 
|  41|0x0000000084500000, 0x0000000084500000, 0x0000000084600000|  0%| F|  |TAMS 0x0000000084500000, 0x0000000084500000| Untracked 
|  42|0x0000000084600000, 0x0000000084600000, 0x0000000084700000|  0%| F|  |TAMS 0x0000000084600000, 0x0000000084600000| Untracked 
|  43|0x0000000084700000, 0x0000000084700000, 0x0000000084800000|  0%| F|  |TAMS 0x0000000084700000, 0x0000000084700000| Untracked 
|  44|0x0000000084800000, 0x0000000084800000, 0x0000000084900000|  0%| F|  |TAMS 0x0000000084800000, 0x0000000084800000| Untracked 
|  45|0x0000000084900000, 0x0000000084900000, 0x0000000084a00000|  0%| F|  |TAMS 0x0000000084900000, 0x0000000084900000| Untracked 
|  46|0x0000000084a00000, 0x0000000084a00000, 0x0000000084b00000|  0%| F|  |TAMS 0x0000000084a00000, 0x0000000084a00000| Untracked 
|  47|0x0000000084b00000, 0x0000000084b00000, 0x0000000084c00000|  0%| F|  |TAMS 0x0000000084b00000, 0x0000000084b00000| Untracked 
|  48|0x0000000084c00000, 0x0000000084c00000, 0x0000000084d00000|  0%| F|  |TAMS 0x0000000084c00000, 0x0000000084c00000| Untracked 
|  49|0x0000000084d00000, 0x0000000084d00000, 0x0000000084e00000|  0%| F|  |TAMS 0x0000000084d00000, 0x0000000084d00000| Untracked 
|  50|0x0000000084e00000, 0x0000000084e00000, 0x0000000084f00000|  0%| F|  |TAMS 0x0000000084e00000, 0x0000000084e00000| Untracked 
|  51|0x0000000084f00000, 0x0000000084f00000, 0x0000000085000000|  0%| F|  |TAMS 0x0000000084f00000, 0x0000000084f00000| Untracked 
|  52|0x0000000085000000, 0x0000000085000000, 0x0000000085100000|  0%| F|  |TAMS 0x0000000085000000, 0x0000000085000000| Untracked 
|  53|0x0000000085100000, 0x0000000085100000, 0x0000000085200000|  0%| F|  |TAMS 0x0000000085100000, 0x0000000085100000| Untracked 
|  54|0x0000000085200000, 0x0000000085200000, 0x0000000085300000|  0%| F|  |TAMS 0x0000000085200000, 0x0000000085200000| Untracked 
|  55|0x0000000085300000, 0x0000000085300000, 0x0000000085400000|  0%| F|  |TAMS 0x0000000085300000, 0x0000000085300000| Untracked 
|  56|0x0000000085400000, 0x0000000085400000, 0x0000000085500000|  0%| F|  |TAMS 0x0000000085400000, 0x0000000085400000| Untracked 
|  57|0x0000000085500000, 0x0000000085500000, 0x0000000085600000|  0%| F|  |TAMS 0x0000000085500000, 0x0000000085500000| Untracked 
|  58|0x0000000085600000, 0x0000000085600000, 0x0000000085700000|  0%| F|  |TAMS 0x0000000085600000, 0x0000000085600000| Untracked 
|  59|0x0000000085700000, 0x0000000085700000, 0x0000000085800000|  0%| F|  |TAMS 0x0000000085700000, 0x0000000085700000| Untracked 
|  60|0x0000000085800000, 0x0000000085800000, 0x0000000085900000|  0%| F|  |TAMS 0x0000000085800000, 0x0000000085800000| Untracked 
|  61|0x0000000085900000, 0x0000000085900000, 0x0000000085a00000|  0%| F|  |TAMS 0x0000000085900000, 0x0000000085900000| Untracked 
|  62|0x0000000085a00000, 0x0000000085a00000, 0x0000000085b00000|  0%| F|  |TAMS 0x0000000085a00000, 0x0000000085a00000| Untracked 
|  63|0x0000000085b00000, 0x0000000085b00000, 0x0000000085c00000|  0%| F|  |TAMS 0x0000000085b00000, 0x0000000085b00000| Untracked 
|  64|0x0000000085c00000, 0x0000000085c00000, 0x0000000085d00000|  0%| F|  |TAMS 0x0000000085c00000, 0x0000000085c00000| Untracked 
|  65|0x0000000085d00000, 0x0000000085d00000, 0x0000000085e00000|  0%| F|  |TAMS 0x0000000085d00000, 0x0000000085d00000| Untracked 
|  66|0x0000000085e00000, 0x0000000085e00000, 0x0000000085f00000|  0%| F|  |TAMS 0x0000000085e00000, 0x0000000085e00000| Untracked 
|  67|0x0000000085f00000, 0x0000000085f00000, 0x0000000086000000|  0%| F|  |TAMS 0x0000000085f00000, 0x0000000085f00000| Untracked 
|  68|0x0000000086000000, 0x0000000086000000, 0x0000000086100000|  0%| F|  |TAMS 0x0000000086000000, 0x0000000086000000| Untracked 
|  69|0x0000000086100000, 0x0000000086100000, 0x0000000086200000|  0%| F|  |TAMS 0x0000000086100000, 0x0000000086100000| Untracked 
|  70|0x0000000086200000, 0x0000000086200000, 0x0000000086300000|  0%| F|  |TAMS 0x0000000086200000, 0x0000000086200000| Untracked 
|  71|0x0000000086300000, 0x0000000086300000, 0x0000000086400000|  0%| F|  |TAMS 0x0000000086300000, 0x0000000086300000| Untracked 
|  72|0x0000000086400000, 0x0000000086400000, 0x0000000086500000|  0%| F|  |TAMS 0x0000000086400000, 0x0000000086400000| Untracked 
|  73|0x0000000086500000, 0x0000000086500000, 0x0000000086600000|  0%| F|  |TAMS 0x0000000086500000, 0x0000000086500000| Untracked 
|  74|0x0000000086600000, 0x0000000086600000, 0x0000000086700000|  0%| F|  |TAMS 0x0000000086600000, 0x0000000086600000| Untracked 
|  75|0x0000000086700000, 0x0000000086700000, 0x0000000086800000|  0%| F|  |TAMS 0x0000000086700000, 0x0000000086700000| Untracked 
|  76|0x0000000086800000, 0x0000000086800000, 0x0000000086900000|  0%| F|  |TAMS 0x0000000086800000, 0x0000000086800000| Untracked 
|  77|0x0000000086900000, 0x0000000086900000, 0x0000000086a00000|  0%| F|  |TAMS 0x0000000086900000, 0x0000000086900000| Untracked 
|  78|0x0000000086a00000, 0x0000000086a00000, 0x0000000086b00000|  0%| F|  |TAMS 0x0000000086a00000, 0x0000000086a00000| Untracked 
|  79|0x0000000086b00000, 0x0000000086b00000, 0x0000000086c00000|  0%| F|  |TAMS 0x0000000086b00000, 0x0000000086b00000| Untracked 
|  80|0x0000000086c00000, 0x0000000086c00000, 0x0000000086d00000|  0%| F|  |TAMS 0x0000000086c00000, 0x0000000086c00000| Untracked 
|  81|0x0000000086d00000, 0x0000000086da1040, 0x0000000086e00000| 62%| S|CS|TAMS 0x0000000086d00000, 0x0000000086d00000| Complete 
|  82|0x0000000086e00000, 0x0000000086f00000, 0x0000000086f00000|100%| S|CS|TAMS 0x0000000086e00000, 0x0000000086e00000| Complete 
|  83|0x0000000086f00000, 0x0000000087000000, 0x0000000087000000|100%| S|CS|TAMS 0x0000000086f00000, 0x0000000086f00000| Complete 
|  84|0x0000000087000000, 0x0000000087100000, 0x0000000087100000|100%| S|CS|TAMS 0x0000000087000000, 0x0000000087000000| Complete 
|  85|0x0000000087100000, 0x0000000087200000, 0x0000000087200000|100%| S|CS|TAMS 0x0000000087100000, 0x0000000087100000| Complete 
|  86|0x0000000087200000, 0x0000000087200000, 0x0000000087300000|  0%| F|  |TAMS 0x0000000087200000, 0x0000000087200000| Untracked 
|  87|0x0000000087300000, 0x0000000087300000, 0x0000000087400000|  0%| F|  |TAMS 0x0000000087300000, 0x0000000087300000| Untracked 
|  88|0x0000000087400000, 0x0000000087400000, 0x0000000087500000|  0%| F|  |TAMS 0x0000000087400000, 0x0000000087400000| Untracked 
|  89|0x0000000087500000, 0x0000000087500000, 0x0000000087600000|  0%| F|  |TAMS 0x0000000087500000, 0x0000000087500000| Untracked 
|  90|0x0000000087600000, 0x0000000087600000, 0x0000000087700000|  0%| F|  |TAMS 0x0000000087600000, 0x0000000087600000| Untracked 
|  91|0x0000000087700000, 0x0000000087700000, 0x0000000087800000|  0%| F|  |TAMS 0x0000000087700000, 0x0000000087700000| Untracked 
|  92|0x0000000087800000, 0x0000000087800000, 0x0000000087900000|  0%| F|  |TAMS 0x0000000087800000, 0x0000000087800000| Untracked 
|  93|0x0000000087900000, 0x0000000087900000, 0x0000000087a00000|  0%| F|  |TAMS 0x0000000087900000, 0x0000000087900000| Untracked 
|  94|0x0000000087a00000, 0x0000000087a00000, 0x0000000087b00000|  0%| F|  |TAMS 0x0000000087a00000, 0x0000000087a00000| Untracked 
|  95|0x0000000087b00000, 0x0000000087b00000, 0x0000000087c00000|  0%| F|  |TAMS 0x0000000087b00000, 0x0000000087b00000| Untracked 
|  96|0x0000000087c00000, 0x0000000087c00000, 0x0000000087d00000|  0%| F|  |TAMS 0x0000000087c00000, 0x0000000087c00000| Untracked 
|  97|0x0000000087d00000, 0x0000000087d00000, 0x0000000087e00000|  0%| F|  |TAMS 0x0000000087d00000, 0x0000000087d00000| Untracked 
|  98|0x0000000087e00000, 0x0000000087e00000, 0x0000000087f00000|  0%| F|  |TAMS 0x0000000087e00000, 0x0000000087e00000| Untracked 
|  99|0x0000000087f00000, 0x0000000087f00000, 0x0000000088000000|  0%| F|  |TAMS 0x0000000087f00000, 0x0000000087f00000| Untracked 
| 100|0x0000000088000000, 0x0000000088000000, 0x0000000088100000|  0%| F|  |TAMS 0x0000000088000000, 0x0000000088000000| Untracked 
| 101|0x0000000088100000, 0x0000000088100000, 0x0000000088200000|  0%| F|  |TAMS 0x0000000088100000, 0x0000000088100000| Untracked 
| 102|0x0000000088200000, 0x0000000088200000, 0x0000000088300000|  0%| F|  |TAMS 0x0000000088200000, 0x0000000088200000| Untracked 
| 103|0x0000000088300000, 0x0000000088300000, 0x0000000088400000|  0%| F|  |TAMS 0x0000000088300000, 0x0000000088300000| Untracked 
| 104|0x0000000088400000, 0x0000000088400000, 0x0000000088500000|  0%| F|  |TAMS 0x0000000088400000, 0x0000000088400000| Untracked 
| 105|0x0000000088500000, 0x0000000088500000, 0x0000000088600000|  0%| F|  |TAMS 0x0000000088500000, 0x0000000088500000| Untracked 
| 106|0x0000000088600000, 0x0000000088600000, 0x0000000088700000|  0%| F|  |TAMS 0x0000000088600000, 0x0000000088600000| Untracked 
| 107|0x0000000088700000, 0x0000000088700000, 0x0000000088800000|  0%| F|  |TAMS 0x0000000088700000, 0x0000000088700000| Untracked 
| 108|0x0000000088800000, 0x0000000088800000, 0x0000000088900000|  0%| F|  |TAMS 0x0000000088800000, 0x0000000088800000| Untracked 
| 109|0x0000000088900000, 0x0000000088900000, 0x0000000088a00000|  0%| F|  |TAMS 0x0000000088900000, 0x0000000088900000| Untracked 
| 110|0x0000000088a00000, 0x0000000088afae48, 0x0000000088b00000| 98%| E|  |TAMS 0x0000000088a00000, 0x0000000088a00000| Complete 
| 111|0x0000000088b00000, 0x0000000088c00000, 0x0000000088c00000|100%|HS|  |TAMS 0x0000000088c00000, 0x0000000088b00000| Complete 
| 112|0x0000000088c00000, 0x0000000088d00000, 0x0000000088d00000|100%|HC|  |TAMS 0x0000000088d00000, 0x0000000088c00000| Complete 
| 113|0x0000000088d00000, 0x0000000088e00000, 0x0000000088e00000|100%|HC|  |TAMS 0x0000000088e00000, 0x0000000088d00000| Complete 
| 114|0x0000000088e00000, 0x0000000088f00000, 0x0000000088f00000|100%|HC|  |TAMS 0x0000000088f00000, 0x0000000088e00000| Complete 
| 115|0x0000000088f00000, 0x0000000089000000, 0x0000000089000000|100%|HC|  |TAMS 0x0000000089000000, 0x0000000088f00000| Complete 
| 116|0x0000000089000000, 0x0000000089100000, 0x0000000089100000|100%|HC|  |TAMS 0x0000000089100000, 0x0000000089000000| Complete 
| 117|0x0000000089100000, 0x0000000089200000, 0x0000000089200000|100%|HC|  |TAMS 0x0000000089200000, 0x0000000089100000| Complete 
| 118|0x0000000089200000, 0x0000000089300000, 0x0000000089300000|100%|HC|  |TAMS 0x0000000089300000, 0x0000000089200000| Complete 
| 119|0x0000000089300000, 0x0000000089400000, 0x0000000089400000|100%|HC|  |TAMS 0x0000000089400000, 0x0000000089300000| Complete 
| 120|0x0000000089400000, 0x0000000089500000, 0x0000000089500000|100%|HC|  |TAMS 0x0000000089500000, 0x0000000089400000| Complete 
| 121|0x0000000089500000, 0x0000000089600000, 0x0000000089600000|100%|HC|  |TAMS 0x0000000089600000, 0x0000000089500000| Complete 
| 122|0x0000000089600000, 0x0000000089700000, 0x0000000089700000|100%|HC|  |TAMS 0x0000000089700000, 0x0000000089600000| Complete 
| 123|0x0000000089700000, 0x0000000089800000, 0x0000000089800000|100%|HC|  |TAMS 0x0000000089800000, 0x0000000089700000| Complete 
| 124|0x0000000089800000, 0x0000000089900000, 0x0000000089900000|100%|HC|  |TAMS 0x0000000089900000, 0x0000000089800000| Complete 
| 125|0x0000000089900000, 0x0000000089a00000, 0x0000000089a00000|100%|HC|  |TAMS 0x0000000089a00000, 0x0000000089900000| Complete 
| 126|0x0000000089a00000, 0x0000000089b00000, 0x0000000089b00000|100%|HC|  |TAMS 0x0000000089b00000, 0x0000000089a00000| Complete 
| 127|0x0000000089b00000, 0x0000000089c00000, 0x0000000089c00000|100%|HC|  |TAMS 0x0000000089c00000, 0x0000000089b00000| Complete 
| 128|0x0000000089c00000, 0x0000000089d00000, 0x0000000089d00000|100%|HC|  |TAMS 0x0000000089d00000, 0x0000000089c00000| Complete 
| 129|0x0000000089d00000, 0x0000000089e00000, 0x0000000089e00000|100%|HC|  |TAMS 0x0000000089e00000, 0x0000000089d00000| Complete 
| 130|0x0000000089e00000, 0x0000000089f00000, 0x0000000089f00000|100%|HC|  |TAMS 0x0000000089f00000, 0x0000000089e00000| Complete 
| 131|0x0000000089f00000, 0x000000008a000000, 0x000000008a000000|100%|HC|  |TAMS 0x000000008a000000, 0x0000000089f00000| Complete 
| 132|0x000000008a000000, 0x000000008a100000, 0x000000008a100000|100%|HC|  |TAMS 0x000000008a100000, 0x000000008a000000| Complete 
| 133|0x000000008a100000, 0x000000008a200000, 0x000000008a200000|100%|HC|  |TAMS 0x000000008a200000, 0x000000008a100000| Complete 
| 134|0x000000008a200000, 0x000000008a300000, 0x000000008a300000|100%|HC|  |TAMS 0x000000008a300000, 0x000000008a200000| Complete 
| 135|0x000000008a300000, 0x000000008a400000, 0x000000008a400000|100%|HC|  |TAMS 0x000000008a400000, 0x000000008a300000| Complete 
| 136|0x000000008a400000, 0x000000008a500000, 0x000000008a500000|100%|HC|  |TAMS 0x000000008a500000, 0x000000008a400000| Complete 
| 137|0x000000008a500000, 0x000000008a600000, 0x000000008a600000|100%|HC|  |TAMS 0x000000008a600000, 0x000000008a500000| Complete 
| 138|0x000000008a600000, 0x000000008a700000, 0x000000008a700000|100%|HC|  |TAMS 0x000000008a700000, 0x000000008a600000| Complete 
| 139|0x000000008a700000, 0x000000008a800000, 0x000000008a800000|100%|HC|  |TAMS 0x000000008a800000, 0x000000008a700000| Complete 
| 140|0x000000008a800000, 0x000000008a900000, 0x000000008a900000|100%|HC|  |TAMS 0x000000008a900000, 0x000000008a800000| Complete 
| 141|0x000000008a900000, 0x000000008aa00000, 0x000000008aa00000|100%|HC|  |TAMS 0x000000008aa00000, 0x000000008a900000| Complete 
| 142|0x000000008aa00000, 0x000000008ab00000, 0x000000008ab00000|100%|HC|  |TAMS 0x000000008ab00000, 0x000000008aa00000| Complete 
| 143|0x000000008ab00000, 0x000000008ac00000, 0x000000008ac00000|100%|HC|  |TAMS 0x000000008ac00000, 0x000000008ab00000| Complete 
| 144|0x000000008ac00000, 0x000000008ad00000, 0x000000008ad00000|100%|HC|  |TAMS 0x000000008ad00000, 0x000000008ac00000| Complete 
| 145|0x000000008ad00000, 0x000000008ae00000, 0x000000008ae00000|100%|HC|  |TAMS 0x000000008ae00000, 0x000000008ad00000| Complete 
| 146|0x000000008ae00000, 0x000000008af00000, 0x000000008af00000|100%|HC|  |TAMS 0x000000008af00000, 0x000000008ae00000| Complete 
| 147|0x000000008af00000, 0x000000008b000000, 0x000000008b000000|100%|HC|  |TAMS 0x000000008b000000, 0x000000008af00000| Complete 
| 148|0x000000008b000000, 0x000000008b100000, 0x000000008b100000|100%|HC|  |TAMS 0x000000008b100000, 0x000000008b000000| Complete 
| 149|0x000000008b100000, 0x000000008b200000, 0x000000008b200000|100%|HC|  |TAMS 0x000000008b200000, 0x000000008b100000| Complete 
| 150|0x000000008b200000, 0x000000008b300000, 0x000000008b300000|100%|HC|  |TAMS 0x000000008b300000, 0x000000008b200000| Complete 
| 151|0x000000008b300000, 0x000000008b400000, 0x000000008b400000|100%|HC|  |TAMS 0x000000008b400000, 0x000000008b300000| Complete 
| 152|0x000000008b400000, 0x000000008b500000, 0x000000008b500000|100%|HC|  |TAMS 0x000000008b500000, 0x000000008b400000| Complete 
| 153|0x000000008b500000, 0x000000008b600000, 0x000000008b600000|100%|HC|  |TAMS 0x000000008b600000, 0x000000008b500000| Complete 
| 154|0x000000008b600000, 0x000000008b700000, 0x000000008b700000|100%|HC|  |TAMS 0x000000008b700000, 0x000000008b600000| Complete 
| 155|0x000000008b700000, 0x000000008b800000, 0x000000008b800000|100%|HC|  |TAMS 0x000000008b800000, 0x000000008b700000| Complete 
| 156|0x000000008b800000, 0x000000008b900000, 0x000000008b900000|100%|HC|  |TAMS 0x000000008b900000, 0x000000008b800000| Complete 
| 157|0x000000008b900000, 0x000000008ba00000, 0x000000008ba00000|100%|HC|  |TAMS 0x000000008ba00000, 0x000000008b900000| Complete 
| 158|0x000000008ba00000, 0x000000008bb00000, 0x000000008bb00000|100%|HC|  |TAMS 0x000000008bb00000, 0x000000008ba00000| Complete 
| 159|0x000000008bb00000, 0x000000008bc00000, 0x000000008bc00000|100%|HC|  |TAMS 0x000000008bc00000, 0x000000008bb00000| Complete 
| 160|0x000000008bc00000, 0x000000008bd00000, 0x000000008bd00000|100%|HC|  |TAMS 0x000000008bd00000, 0x000000008bc00000| Complete 
| 161|0x000000008bd00000, 0x000000008be00000, 0x000000008be00000|100%|HC|  |TAMS 0x000000008be00000, 0x000000008bd00000| Complete 
| 162|0x000000008be00000, 0x000000008bf00000, 0x000000008bf00000|100%|HC|  |TAMS 0x000000008bf00000, 0x000000008be00000| Complete 
| 163|0x000000008bf00000, 0x000000008c000000, 0x000000008c000000|100%|HC|  |TAMS 0x000000008c000000, 0x000000008bf00000| Complete 
| 164|0x000000008c000000, 0x000000008c100000, 0x000000008c100000|100%|HC|  |TAMS 0x000000008c100000, 0x000000008c000000| Complete 
| 165|0x000000008c100000, 0x000000008c200000, 0x000000008c200000|100%|HC|  |TAMS 0x000000008c200000, 0x000000008c100000| Complete 
| 166|0x000000008c200000, 0x000000008c300000, 0x000000008c300000|100%|HC|  |TAMS 0x000000008c300000, 0x000000008c200000| Complete 
| 167|0x000000008c300000, 0x000000008c400000, 0x000000008c400000|100%|HC|  |TAMS 0x000000008c400000, 0x000000008c300000| Complete 
| 168|0x000000008c400000, 0x000000008c500000, 0x000000008c500000|100%|HC|  |TAMS 0x000000008c500000, 0x000000008c400000| Complete 
| 169|0x000000008c500000, 0x000000008c600000, 0x000000008c600000|100%|HC|  |TAMS 0x000000008c600000, 0x000000008c500000| Complete 
| 170|0x000000008c600000, 0x000000008c700000, 0x000000008c700000|100%|HC|  |TAMS 0x000000008c700000, 0x000000008c600000| Complete 
| 171|0x000000008c700000, 0x000000008c800000, 0x000000008c800000|100%|HC|  |TAMS 0x000000008c800000, 0x000000008c700000| Complete 
| 172|0x000000008c800000, 0x000000008c900000, 0x000000008c900000|100%|HC|  |TAMS 0x000000008c900000, 0x000000008c800000| Complete 
| 173|0x000000008c900000, 0x000000008ca00000, 0x000000008ca00000|100%|HC|  |TAMS 0x000000008ca00000, 0x000000008c900000| Complete 
| 174|0x000000008ca00000, 0x000000008cb00000, 0x000000008cb00000|100%|HC|  |TAMS 0x000000008cb00000, 0x000000008ca00000| Complete 
| 175|0x000000008cb00000, 0x000000008cc00000, 0x000000008cc00000|100%|HC|  |TAMS 0x000000008cc00000, 0x000000008cb00000| Complete 
| 176|0x000000008cc00000, 0x000000008cd00000, 0x000000008cd00000|100%|HC|  |TAMS 0x000000008cd00000, 0x000000008cc00000| Complete 
| 177|0x000000008cd00000, 0x000000008ce00000, 0x000000008ce00000|100%|HC|  |TAMS 0x000000008ce00000, 0x000000008cd00000| Complete 
| 178|0x000000008ce00000, 0x000000008cf00000, 0x000000008cf00000|100%|HC|  |TAMS 0x000000008cf00000, 0x000000008ce00000| Complete 
| 179|0x000000008cf00000, 0x000000008d000000, 0x000000008d000000|100%|HC|  |TAMS 0x000000008d000000, 0x000000008cf00000| Complete 
| 180|0x000000008d000000, 0x000000008d100000, 0x000000008d100000|100%|HC|  |TAMS 0x000000008d100000, 0x000000008d000000| Complete 
| 181|0x000000008d100000, 0x000000008d200000, 0x000000008d200000|100%|HC|  |TAMS 0x000000008d200000, 0x000000008d100000| Complete 
| 182|0x000000008d200000, 0x000000008d300000, 0x000000008d300000|100%|HC|  |TAMS 0x000000008d300000, 0x000000008d200000| Complete 
| 183|0x000000008d300000, 0x000000008d400000, 0x000000008d400000|100%|HC|  |TAMS 0x000000008d400000, 0x000000008d300000| Complete 
| 184|0x000000008d400000, 0x000000008d500000, 0x000000008d500000|100%|HC|  |TAMS 0x000000008d500000, 0x000000008d400000| Complete 
| 185|0x000000008d500000, 0x000000008d600000, 0x000000008d600000|100%|HC|  |TAMS 0x000000008d600000, 0x000000008d500000| Complete 
| 186|0x000000008d600000, 0x000000008d700000, 0x000000008d700000|100%|HC|  |TAMS 0x000000008d700000, 0x000000008d600000| Complete 
| 187|0x000000008d700000, 0x000000008d800000, 0x000000008d800000|100%|HC|  |TAMS 0x000000008d800000, 0x000000008d700000| Complete 
| 188|0x000000008d800000, 0x000000008d900000, 0x000000008d900000|100%|HC|  |TAMS 0x000000008d900000, 0x000000008d800000| Complete 
| 189|0x000000008d900000, 0x000000008da00000, 0x000000008da00000|100%|HC|  |TAMS 0x000000008da00000, 0x000000008d900000| Complete 
| 190|0x000000008da00000, 0x000000008db00000, 0x000000008db00000|100%|HC|  |TAMS 0x000000008db00000, 0x000000008da00000| Complete 
| 191|0x000000008db00000, 0x000000008dc00000, 0x000000008dc00000|100%|HC|  |TAMS 0x000000008dc00000, 0x000000008db00000| Complete 
| 192|0x000000008dc00000, 0x000000008dd00000, 0x000000008dd00000|100%|HC|  |TAMS 0x000000008dd00000, 0x000000008dc00000| Complete 
| 193|0x000000008dd00000, 0x000000008de00000, 0x000000008de00000|100%|HC|  |TAMS 0x000000008de00000, 0x000000008dd00000| Complete 
| 194|0x000000008de00000, 0x000000008df00000, 0x000000008df00000|100%|HC|  |TAMS 0x000000008df00000, 0x000000008de00000| Complete 
| 195|0x000000008df00000, 0x000000008e000000, 0x000000008e000000|100%|HC|  |TAMS 0x000000008e000000, 0x000000008df00000| Complete 
| 196|0x000000008e000000, 0x000000008e100000, 0x000000008e100000|100%|HC|  |TAMS 0x000000008e100000, 0x000000008e000000| Complete 
| 197|0x000000008e100000, 0x000000008e200000, 0x000000008e200000|100%|HC|  |TAMS 0x000000008e200000, 0x000000008e100000| Complete 
| 198|0x000000008e200000, 0x000000008e300000, 0x000000008e300000|100%|HC|  |TAMS 0x000000008e300000, 0x000000008e200000| Complete 
| 199|0x000000008e300000, 0x000000008e400000, 0x000000008e400000|100%|HC|  |TAMS 0x000000008e400000, 0x000000008e300000| Complete 
| 200|0x000000008e400000, 0x000000008e500000, 0x000000008e500000|100%|HC|  |TAMS 0x000000008e500000, 0x000000008e400000| Complete 
| 201|0x000000008e500000, 0x000000008e600000, 0x000000008e600000|100%|HC|  |TAMS 0x000000008e600000, 0x000000008e500000| Complete 
| 202|0x000000008e600000, 0x000000008e700000, 0x000000008e700000|100%|HC|  |TAMS 0x000000008e700000, 0x000000008e600000| Complete 
| 203|0x000000008e700000, 0x000000008e800000, 0x000000008e800000|100%|HC|  |TAMS 0x000000008e800000, 0x000000008e700000| Complete 
| 204|0x000000008e800000, 0x000000008e900000, 0x000000008e900000|100%|HC|  |TAMS 0x000000008e900000, 0x000000008e800000| Complete 
| 205|0x000000008e900000, 0x000000008ea00000, 0x000000008ea00000|100%|HC|  |TAMS 0x000000008ea00000, 0x000000008e900000| Complete 
| 206|0x000000008ea00000, 0x000000008eb00000, 0x000000008eb00000|100%|HC|  |TAMS 0x000000008eb00000, 0x000000008ea00000| Complete 
| 207|0x000000008eb00000, 0x000000008ec00000, 0x000000008ec00000|100%|HC|  |TAMS 0x000000008ec00000, 0x000000008eb00000| Complete 
| 208|0x000000008ec00000, 0x000000008ed00000, 0x000000008ed00000|100%|HC|  |TAMS 0x000000008ed00000, 0x000000008ec00000| Complete 
| 209|0x000000008ed00000, 0x000000008ee00000, 0x000000008ee00000|100%|HC|  |TAMS 0x000000008ee00000, 0x000000008ed00000| Complete 
| 210|0x000000008ee00000, 0x000000008ef00000, 0x000000008ef00000|100%|HC|  |TAMS 0x000000008ef00000, 0x000000008ee00000| Complete 
| 211|0x000000008ef00000, 0x000000008f000000, 0x000000008f000000|100%|HC|  |TAMS 0x000000008f000000, 0x000000008ef00000| Complete 
| 212|0x000000008f000000, 0x000000008f100000, 0x000000008f100000|100%|HC|  |TAMS 0x000000008f100000, 0x000000008f000000| Complete 
| 213|0x000000008f100000, 0x000000008f200000, 0x000000008f200000|100%|HC|  |TAMS 0x000000008f200000, 0x000000008f100000| Complete 
| 214|0x000000008f200000, 0x000000008f300000, 0x000000008f300000|100%|HC|  |TAMS 0x000000008f300000, 0x000000008f200000| Complete 
| 215|0x000000008f300000, 0x000000008f400000, 0x000000008f400000|100%|HC|  |TAMS 0x000000008f400000, 0x000000008f300000| Complete 
| 216|0x000000008f400000, 0x000000008f500000, 0x000000008f500000|100%|HC|  |TAMS 0x000000008f500000, 0x000000008f400000| Complete 
| 217|0x000000008f500000, 0x000000008f600000, 0x000000008f600000|100%|HC|  |TAMS 0x000000008f600000, 0x000000008f500000| Complete 
| 218|0x000000008f600000, 0x000000008f700000, 0x000000008f700000|100%|HC|  |TAMS 0x000000008f700000, 0x000000008f600000| Complete 
| 219|0x000000008f700000, 0x000000008f800000, 0x000000008f800000|100%|HC|  |TAMS 0x000000008f800000, 0x000000008f700000| Complete 
| 220|0x000000008f800000, 0x000000008f900000, 0x000000008f900000|100%|HC|  |TAMS 0x000000008f900000, 0x000000008f800000| Complete 
| 221|0x000000008f900000, 0x000000008fa00000, 0x000000008fa00000|100%|HC|  |TAMS 0x000000008fa00000, 0x000000008f900000| Complete 
| 222|0x000000008fa00000, 0x000000008fb00000, 0x000000008fb00000|100%|HC|  |TAMS 0x000000008fb00000, 0x000000008fa00000| Complete 
| 223|0x000000008fb00000, 0x000000008fc00000, 0x000000008fc00000|100%|HC|  |TAMS 0x000000008fc00000, 0x000000008fb00000| Complete 
| 224|0x000000008fc00000, 0x000000008fd00000, 0x000000008fd00000|100%|HC|  |TAMS 0x000000008fd00000, 0x000000008fc00000| Complete 
| 225|0x000000008fd00000, 0x000000008fe00000, 0x000000008fe00000|100%|HC|  |TAMS 0x000000008fe00000, 0x000000008fd00000| Complete 
| 226|0x000000008fe00000, 0x000000008ff00000, 0x000000008ff00000|100%|HC|  |TAMS 0x000000008ff00000, 0x000000008fe00000| Complete 
| 227|0x000000008ff00000, 0x0000000090000000, 0x0000000090000000|100%|HC|  |TAMS 0x0000000090000000, 0x000000008ff00000| Complete 
| 228|0x0000000090000000, 0x0000000090100000, 0x0000000090100000|100%|HC|  |TAMS 0x0000000090100000, 0x0000000090000000| Complete 
| 229|0x0000000090100000, 0x0000000090200000, 0x0000000090200000|100%|HC|  |TAMS 0x0000000090200000, 0x0000000090100000| Complete 
| 230|0x0000000090200000, 0x0000000090300000, 0x0000000090300000|100%|HC|  |TAMS 0x0000000090300000, 0x0000000090200000| Complete 
| 231|0x0000000090300000, 0x0000000090400000, 0x0000000090400000|100%|HC|  |TAMS 0x0000000090400000, 0x0000000090300000| Complete 
| 232|0x0000000090400000, 0x0000000090500000, 0x0000000090500000|100%|HC|  |TAMS 0x0000000090500000, 0x0000000090400000| Complete 
| 233|0x0000000090500000, 0x0000000090600000, 0x0000000090600000|100%|HC|  |TAMS 0x0000000090600000, 0x0000000090500000| Complete 
| 234|0x0000000090600000, 0x0000000090700000, 0x0000000090700000|100%|HC|  |TAMS 0x0000000090700000, 0x0000000090600000| Complete 
| 235|0x0000000090700000, 0x0000000090800000, 0x0000000090800000|100%|HC|  |TAMS 0x0000000090800000, 0x0000000090700000| Complete 
| 236|0x0000000090800000, 0x0000000090900000, 0x0000000090900000|100%|HC|  |TAMS 0x0000000090900000, 0x0000000090800000| Complete 
| 237|0x0000000090900000, 0x0000000090a00000, 0x0000000090a00000|100%|HC|  |TAMS 0x0000000090a00000, 0x0000000090900000| Complete 
| 238|0x0000000090a00000, 0x0000000090b00000, 0x0000000090b00000|100%|HC|  |TAMS 0x0000000090b00000, 0x0000000090a00000| Complete 
| 239|0x0000000090b00000, 0x0000000090c00000, 0x0000000090c00000|100%|HC|  |TAMS 0x0000000090c00000, 0x0000000090b00000| Complete 
| 240|0x0000000090c00000, 0x0000000090d00000, 0x0000000090d00000|100%|HC|  |TAMS 0x0000000090d00000, 0x0000000090c00000| Complete 
| 241|0x0000000090d00000, 0x0000000090e00000, 0x0000000090e00000|100%|HC|  |TAMS 0x0000000090e00000, 0x0000000090d00000| Complete 
| 242|0x0000000090e00000, 0x0000000090f00000, 0x0000000090f00000|100%|HC|  |TAMS 0x0000000090f00000, 0x0000000090e00000| Complete 
| 243|0x0000000090f00000, 0x0000000091000000, 0x0000000091000000|100%|HC|  |TAMS 0x0000000091000000, 0x0000000090f00000| Complete 
| 244|0x0000000091000000, 0x0000000091100000, 0x0000000091100000|100%|HC|  |TAMS 0x0000000091100000, 0x0000000091000000| Complete 
| 245|0x0000000091100000, 0x0000000091200000, 0x0000000091200000|100%|HC|  |TAMS 0x0000000091200000, 0x0000000091100000| Complete 
| 246|0x0000000091200000, 0x0000000091300000, 0x0000000091300000|100%|HC|  |TAMS 0x0000000091300000, 0x0000000091200000| Complete 
| 247|0x0000000091300000, 0x0000000091400000, 0x0000000091400000|100%|HC|  |TAMS 0x0000000091400000, 0x0000000091300000| Complete 
| 248|0x0000000091400000, 0x0000000091500000, 0x0000000091500000|100%|HC|  |TAMS 0x0000000091500000, 0x0000000091400000| Complete 
| 249|0x0000000091500000, 0x0000000091600000, 0x0000000091600000|100%|HC|  |TAMS 0x0000000091600000, 0x0000000091500000| Complete 
| 250|0x0000000091600000, 0x0000000091700000, 0x0000000091700000|100%|HC|  |TAMS 0x0000000091700000, 0x0000000091600000| Complete 
| 251|0x0000000091700000, 0x0000000091800000, 0x0000000091800000|100%|HC|  |TAMS 0x0000000091800000, 0x0000000091700000| Complete 
| 252|0x0000000091800000, 0x0000000091900000, 0x0000000091900000|100%|HC|  |TAMS 0x0000000091900000, 0x0000000091800000| Complete 
| 253|0x0000000091900000, 0x0000000091a00000, 0x0000000091a00000|100%|HC|  |TAMS 0x0000000091a00000, 0x0000000091900000| Complete 
| 254|0x0000000091a00000, 0x0000000091b00000, 0x0000000091b00000|100%|HC|  |TAMS 0x0000000091b00000, 0x0000000091a00000| Complete 
| 255|0x0000000091b00000, 0x0000000091c00000, 0x0000000091c00000|100%|HC|  |TAMS 0x0000000091c00000, 0x0000000091b00000| Complete 
| 256|0x0000000091c00000, 0x0000000091d00000, 0x0000000091d00000|100%|HC|  |TAMS 0x0000000091d00000, 0x0000000091c00000| Complete 
| 257|0x0000000091d00000, 0x0000000091e00000, 0x0000000091e00000|100%|HC|  |TAMS 0x0000000091e00000, 0x0000000091d00000| Complete 
| 258|0x0000000091e00000, 0x0000000091f00000, 0x0000000091f00000|100%|HC|  |TAMS 0x0000000091f00000, 0x0000000091e00000| Complete 
| 259|0x0000000091f00000, 0x0000000092000000, 0x0000000092000000|100%|HC|  |TAMS 0x0000000092000000, 0x0000000091f00000| Complete 
| 260|0x0000000092000000, 0x0000000092100000, 0x0000000092100000|100%|HC|  |TAMS 0x0000000092100000, 0x0000000092000000| Complete 
| 261|0x0000000092100000, 0x0000000092200000, 0x0000000092200000|100%|HC|  |TAMS 0x0000000092200000, 0x0000000092100000| Complete 
| 262|0x0000000092200000, 0x0000000092300000, 0x0000000092300000|100%|HC|  |TAMS 0x0000000092300000, 0x0000000092200000| Complete 
| 263|0x0000000092300000, 0x0000000092400000, 0x0000000092400000|100%|HC|  |TAMS 0x0000000092400000, 0x0000000092300000| Complete 
| 264|0x0000000092400000, 0x0000000092500000, 0x0000000092500000|100%|HC|  |TAMS 0x0000000092500000, 0x0000000092400000| Complete 
| 265|0x0000000092500000, 0x0000000092600000, 0x0000000092600000|100%|HC|  |TAMS 0x0000000092600000, 0x0000000092500000| Complete 
| 266|0x0000000092600000, 0x0000000092700000, 0x0000000092700000|100%|HC|  |TAMS 0x0000000092700000, 0x0000000092600000| Complete 
| 267|0x0000000092700000, 0x0000000092800000, 0x0000000092800000|100%|HC|  |TAMS 0x0000000092800000, 0x0000000092700000| Complete 
| 268|0x0000000092800000, 0x0000000092900000, 0x0000000092900000|100%|HC|  |TAMS 0x0000000092900000, 0x0000000092800000| Complete 
| 269|0x0000000092900000, 0x0000000092a00000, 0x0000000092a00000|100%|HC|  |TAMS 0x0000000092a00000, 0x0000000092900000| Complete 
| 270|0x0000000092a00000, 0x0000000092b00000, 0x0000000092b00000|100%|HC|  |TAMS 0x0000000092b00000, 0x0000000092a00000| Complete 
| 271|0x0000000092b00000, 0x0000000092c00000, 0x0000000092c00000|100%|HC|  |TAMS 0x0000000092c00000, 0x0000000092b00000| Complete 
| 272|0x0000000092c00000, 0x0000000092d00000, 0x0000000092d00000|100%|HC|  |TAMS 0x0000000092d00000, 0x0000000092c00000| Complete 
| 273|0x0000000092d00000, 0x0000000092e00000, 0x0000000092e00000|100%|HC|  |TAMS 0x0000000092e00000, 0x0000000092d00000| Complete 
| 274|0x0000000092e00000, 0x0000000092f00000, 0x0000000092f00000|100%|HC|  |TAMS 0x0000000092f00000, 0x0000000092e00000| Complete 
| 275|0x0000000092f00000, 0x0000000093000000, 0x0000000093000000|100%|HC|  |TAMS 0x0000000093000000, 0x0000000092f00000| Complete 
| 276|0x0000000093000000, 0x0000000093100000, 0x0000000093100000|100%|HC|  |TAMS 0x0000000093100000, 0x0000000093000000| Complete 
| 277|0x0000000093100000, 0x0000000093200000, 0x0000000093200000|100%|HC|  |TAMS 0x0000000093200000, 0x0000000093100000| Complete 
| 278|0x0000000093200000, 0x0000000093300000, 0x0000000093300000|100%|HC|  |TAMS 0x0000000093300000, 0x0000000093200000| Complete 
| 279|0x0000000093300000, 0x0000000093400000, 0x0000000093400000|100%|HC|  |TAMS 0x0000000093400000, 0x0000000093300000| Complete 
| 280|0x0000000093400000, 0x0000000093500000, 0x0000000093500000|100%|HC|  |TAMS 0x0000000093500000, 0x0000000093400000| Complete 
| 281|0x0000000093500000, 0x0000000093600000, 0x0000000093600000|100%|HC|  |TAMS 0x0000000093600000, 0x0000000093500000| Complete 
| 282|0x0000000093600000, 0x0000000093700000, 0x0000000093700000|100%|HC|  |TAMS 0x0000000093700000, 0x0000000093600000| Complete 
| 283|0x0000000093700000, 0x0000000093800000, 0x0000000093800000|100%|HC|  |TAMS 0x0000000093800000, 0x0000000093700000| Complete 
| 284|0x0000000093800000, 0x0000000093900000, 0x0000000093900000|100%|HC|  |TAMS 0x0000000093900000, 0x0000000093800000| Complete 
| 285|0x0000000093900000, 0x0000000093a00000, 0x0000000093a00000|100%|HC|  |TAMS 0x0000000093a00000, 0x0000000093900000| Complete 
| 286|0x0000000093a00000, 0x0000000093b00000, 0x0000000093b00000|100%|HC|  |TAMS 0x0000000093b00000, 0x0000000093a00000| Complete 
| 287|0x0000000093b00000, 0x0000000093c00000, 0x0000000093c00000|100%|HC|  |TAMS 0x0000000093c00000, 0x0000000093b00000| Complete 
| 288|0x0000000093c00000, 0x0000000093d00000, 0x0000000093d00000|100%|HC|  |TAMS 0x0000000093d00000, 0x0000000093c00000| Complete 
| 289|0x0000000093d00000, 0x0000000093e00000, 0x0000000093e00000|100%|HC|  |TAMS 0x0000000093e00000, 0x0000000093d00000| Complete 
| 290|0x0000000093e00000, 0x0000000093f00000, 0x0000000093f00000|100%|HC|  |TAMS 0x0000000093f00000, 0x0000000093e00000| Complete 
| 291|0x0000000093f00000, 0x0000000094000000, 0x0000000094000000|100%|HC|  |TAMS 0x0000000094000000, 0x0000000093f00000| Complete 
| 292|0x0000000094000000, 0x0000000094100000, 0x0000000094100000|100%|HC|  |TAMS 0x0000000094100000, 0x0000000094000000| Complete 
| 293|0x0000000094100000, 0x0000000094200000, 0x0000000094200000|100%|HC|  |TAMS 0x0000000094200000, 0x0000000094100000| Complete 
| 294|0x0000000094200000, 0x0000000094300000, 0x0000000094300000|100%|HC|  |TAMS 0x0000000094300000, 0x0000000094200000| Complete 
| 295|0x0000000094300000, 0x0000000094400000, 0x0000000094400000|100%|HC|  |TAMS 0x0000000094400000, 0x0000000094300000| Complete 
| 296|0x0000000094400000, 0x0000000094500000, 0x0000000094500000|100%|HC|  |TAMS 0x0000000094500000, 0x0000000094400000| Complete 
| 297|0x0000000094500000, 0x0000000094600000, 0x0000000094600000|100%|HC|  |TAMS 0x0000000094600000, 0x0000000094500000| Complete 
| 298|0x0000000094600000, 0x0000000094700000, 0x0000000094700000|100%|HC|  |TAMS 0x0000000094700000, 0x0000000094600000| Complete 
| 299|0x0000000094700000, 0x0000000094800000, 0x0000000094800000|100%|HC|  |TAMS 0x0000000094800000, 0x0000000094700000| Complete 
| 300|0x0000000094800000, 0x0000000094900000, 0x0000000094900000|100%|HC|  |TAMS 0x0000000094900000, 0x0000000094800000| Complete 
| 301|0x0000000094900000, 0x0000000094a00000, 0x0000000094a00000|100%|HC|  |TAMS 0x0000000094a00000, 0x0000000094900000| Complete 
| 302|0x0000000094a00000, 0x0000000094b00000, 0x0000000094b00000|100%|HC|  |TAMS 0x0000000094b00000, 0x0000000094a00000| Complete 
| 303|0x0000000094b00000, 0x0000000094c00000, 0x0000000094c00000|100%|HC|  |TAMS 0x0000000094c00000, 0x0000000094b00000| Complete 
| 304|0x0000000094c00000, 0x0000000094d00000, 0x0000000094d00000|100%|HC|  |TAMS 0x0000000094d00000, 0x0000000094c00000| Complete 
| 305|0x0000000094d00000, 0x0000000094e00000, 0x0000000094e00000|100%|HC|  |TAMS 0x0000000094e00000, 0x0000000094d00000| Complete 
| 306|0x0000000094e00000, 0x0000000094f00000, 0x0000000094f00000|100%|HC|  |TAMS 0x0000000094f00000, 0x0000000094e00000| Complete 
| 307|0x0000000094f00000, 0x0000000095000000, 0x0000000095000000|100%|HC|  |TAMS 0x0000000095000000, 0x0000000094f00000| Complete 
| 308|0x0000000095000000, 0x0000000095100000, 0x0000000095100000|100%|HC|  |TAMS 0x0000000095100000, 0x0000000095000000| Complete 
| 309|0x0000000095100000, 0x0000000095200000, 0x0000000095200000|100%|HC|  |TAMS 0x0000000095200000, 0x0000000095100000| Complete 
| 310|0x0000000095200000, 0x0000000095300000, 0x0000000095300000|100%|HC|  |TAMS 0x0000000095300000, 0x0000000095200000| Complete 
| 311|0x0000000095300000, 0x0000000095400000, 0x0000000095400000|100%|HC|  |TAMS 0x0000000095400000, 0x0000000095300000| Complete 
| 312|0x0000000095400000, 0x0000000095500000, 0x0000000095500000|100%|HC|  |TAMS 0x0000000095500000, 0x0000000095400000| Complete 
| 313|0x0000000095500000, 0x0000000095600000, 0x0000000095600000|100%|HC|  |TAMS 0x0000000095600000, 0x0000000095500000| Complete 
| 314|0x0000000095600000, 0x0000000095700000, 0x0000000095700000|100%|HC|  |TAMS 0x0000000095700000, 0x0000000095600000| Complete 
| 315|0x0000000095700000, 0x0000000095800000, 0x0000000095800000|100%|HC|  |TAMS 0x0000000095800000, 0x0000000095700000| Complete 
| 316|0x0000000095800000, 0x0000000095900000, 0x0000000095900000|100%|HC|  |TAMS 0x0000000095900000, 0x0000000095800000| Complete 
| 317|0x0000000095900000, 0x0000000095a00000, 0x0000000095a00000|100%|HC|  |TAMS 0x0000000095a00000, 0x0000000095900000| Complete 
| 318|0x0000000095a00000, 0x0000000095b00000, 0x0000000095b00000|100%|HC|  |TAMS 0x0000000095b00000, 0x0000000095a00000| Complete 
| 319|0x0000000095b00000, 0x0000000095c00000, 0x0000000095c00000|100%|HC|  |TAMS 0x0000000095c00000, 0x0000000095b00000| Complete 
| 320|0x0000000095c00000, 0x0000000095d00000, 0x0000000095d00000|100%|HC|  |TAMS 0x0000000095d00000, 0x0000000095c00000| Complete 
| 321|0x0000000095d00000, 0x0000000095e00000, 0x0000000095e00000|100%|HC|  |TAMS 0x0000000095e00000, 0x0000000095d00000| Complete 
| 322|0x0000000095e00000, 0x0000000095f00000, 0x0000000095f00000|100%|HC|  |TAMS 0x0000000095f00000, 0x0000000095e00000| Complete 
| 323|0x0000000095f00000, 0x0000000096000000, 0x0000000096000000|100%|HC|  |TAMS 0x0000000096000000, 0x0000000095f00000| Complete 
| 324|0x0000000096000000, 0x0000000096100000, 0x0000000096100000|100%|HC|  |TAMS 0x0000000096100000, 0x0000000096000000| Complete 
| 325|0x0000000096100000, 0x0000000096200000, 0x0000000096200000|100%|HC|  |TAMS 0x0000000096200000, 0x0000000096100000| Complete 
| 326|0x0000000096200000, 0x0000000096300000, 0x0000000096300000|100%|HC|  |TAMS 0x0000000096300000, 0x0000000096200000| Complete 
| 327|0x0000000096300000, 0x0000000096400000, 0x0000000096400000|100%|HC|  |TAMS 0x0000000096400000, 0x0000000096300000| Complete 
| 328|0x0000000096400000, 0x0000000096500000, 0x0000000096500000|100%|HC|  |TAMS 0x0000000096500000, 0x0000000096400000| Complete 
| 329|0x0000000096500000, 0x0000000096600000, 0x0000000096600000|100%|HC|  |TAMS 0x0000000096600000, 0x0000000096500000| Complete 
| 330|0x0000000096600000, 0x0000000096700000, 0x0000000096700000|100%|HC|  |TAMS 0x0000000096700000, 0x0000000096600000| Complete 
| 331|0x0000000096700000, 0x0000000096800000, 0x0000000096800000|100%|HC|  |TAMS 0x0000000096800000, 0x0000000096700000| Complete 
| 332|0x0000000096800000, 0x0000000096900000, 0x0000000096900000|100%|HC|  |TAMS 0x0000000096900000, 0x0000000096800000| Complete 
| 333|0x0000000096900000, 0x0000000096a00000, 0x0000000096a00000|100%|HC|  |TAMS 0x0000000096a00000, 0x0000000096900000| Complete 
| 334|0x0000000096a00000, 0x0000000096b00000, 0x0000000096b00000|100%|HC|  |TAMS 0x0000000096b00000, 0x0000000096a00000| Complete 
| 335|0x0000000096b00000, 0x0000000096c00000, 0x0000000096c00000|100%|HC|  |TAMS 0x0000000096c00000, 0x0000000096b00000| Complete 
| 336|0x0000000096c00000, 0x0000000096d00000, 0x0000000096d00000|100%|HC|  |TAMS 0x0000000096d00000, 0x0000000096c00000| Complete 
| 337|0x0000000096d00000, 0x0000000096e00000, 0x0000000096e00000|100%|HC|  |TAMS 0x0000000096e00000, 0x0000000096d00000| Complete 
| 338|0x0000000096e00000, 0x0000000096f00000, 0x0000000096f00000|100%|HC|  |TAMS 0x0000000096f00000, 0x0000000096e00000| Complete 

Card table byte_map: [0x00000202f1120000,0x00000202f1520000] _byte_map_base: 0x00000202f0d12000

Marking Bits (Prev, Next): (CMBitMap*) 0x00000202d7f8b000, (CMBitMap*) 0x00000202d7f8afc0
 Prev Bits: [0x00000202f38b0000, 0x00000202f5840000)
 Next Bits: [0x00000202f1920000, 0x00000202f38b0000)

Polling page: 0x00000202d8030000

Metaspace:

Usage:
  Non-class:     12.35 MB used.
      Class:      2.08 MB used.
       Both:     14.43 MB used.

Virtual space:
  Non-class space:       64.00 MB reserved,      12.50 MB ( 20%) committed,  1 nodes.
      Class space:        1.00 GB reserved,       2.19 MB ( <1%) committed,  1 nodes.
             Both:        1.06 GB reserved,      14.69 MB (  1%) committed. 

Chunk freelists:
   Non-Class:  3.31 MB
       Class:  1.75 MB
        Both:  5.06 MB

MaxMetaspaceSize: unlimited
CompressedClassSpaceSize: 1.00 GB
Initial GC threshold: 21.00 MB
Current GC threshold: 21.00 MB
CDS: on
MetaspaceReclaimPolicy: balanced
 - commit_granule_bytes: 65536.
 - commit_granule_words: 8192.
 - virtual_space_node_default_size: 8388608.
 - enlarge_chunks_in_place: 1.
 - new_chunks_are_fully_committed: 0.
 - uncommit_free_chunks: 1.
 - use_allocation_guard: 0.


Internal statistics:

num_allocs_failed_limit: 0.
num_arena_births: 292.
num_arena_deaths: 0.
num_vsnodes_births: 2.
num_vsnodes_deaths: 0.
num_space_committed: 235.
num_space_uncommitted: 0.
num_chunks_returned_to_freelist: 0.
num_chunks_taken_from_freelist: 744.
num_chunk_merges: 0.
num_chunk_splits: 508.
num_chunks_enlarged: 393.
num_inconsistent_stats: 0.

CodeHeap 'non-profiled nmethods': size=120000Kb used=707Kb max_used=707Kb free=119292Kb
 bounds [0x00000202e94c0000, 0x00000202e9730000, 0x00000202f09f0000]
CodeHeap 'profiled nmethods': size=120000Kb used=3200Kb max_used=3200Kb free=116799Kb
 bounds [0x00000202e1f90000, 0x00000202e22c0000, 0x00000202e94c0000]
CodeHeap 'non-nmethods': size=5760Kb used=1427Kb max_used=1445Kb free=4333Kb
 bounds [0x00000202e19f0000, 0x00000202e1c60000, 0x00000202e1f90000]
 total_blobs=2544 nmethods=1765 adapters=691
 compilation: enabled
              stopped_count=0, restarted_count=0
 full_count=0

Compilation events (20 events):
Event: 3.946 Thread 0x00000202f823b870 1757       3       jdk.internal.misc.InnocuousThread::eraseThreadLocals (23 bytes)
Event: 3.946 Thread 0x00000202f823b870 nmethod 1757 0x00000202e22ae190 code [0x00000202e22ae320, 0x00000202e22ae518]
Event: 3.946 Thread 0x00000202f823b870 1758       3       java.lang.invoke.MethodHandleNatives$CallSiteContext::run (5 bytes)
Event: 3.946 Thread 0x00000202f823b870 nmethod 1758 0x00000202e22ae590 code [0x00000202e22ae720, 0x00000202e22ae848]
Event: 3.948 Thread 0x00000202f823b870 1761       3       sun.misc.Unsafe::putByte (9 bytes)
Event: 3.948 Thread 0x00000202f823b870 nmethod 1761 0x00000202e22ae910 code [0x00000202e22aeaa0, 0x00000202e22aec18]
Event: 3.948 Thread 0x00000202f823b870 1762       3       jdk.internal.misc.Unsafe::putByte (8 bytes)
Event: 3.948 Thread 0x00000202f823b870 nmethod 1762 0x00000202e22aed10 code [0x00000202e22aeea0, 0x00000202e22aefb8]
Event: 3.948 Thread 0x00000202f823b870 1763       3       sun.misc.Unsafe::getInt (8 bytes)
Event: 3.948 Thread 0x00000202f8236e80 1766       4       jdk.internal.misc.Unsafe::getInt (7 bytes)
Event: 3.948 Thread 0x00000202f823b870 nmethod 1763 0x00000202e22af090 code [0x00000202e22af220, 0x00000202e22af398]
Event: 3.948 Thread 0x00000202f823b870 1764       3       sun.misc.Unsafe::putInt (9 bytes)
Event: 3.949 Thread 0x00000202f823b870 nmethod 1764 0x00000202e22af490 code [0x00000202e22af620, 0x00000202e22af798]
Event: 3.949 Thread 0x00000202f823b870 1765       3       jdk.internal.misc.Unsafe::putInt (8 bytes)
Event: 3.949 Thread 0x00000202f823b870 nmethod 1765 0x00000202e22af890 code [0x00000202e22afa20, 0x00000202e22afb38]
Event: 3.949 Thread 0x00000202f823b870 1767       1       com.sun.javafx.sg.prism.NGNode::isShape3D (2 bytes)
Event: 3.949 Thread 0x00000202f8236e80 nmethod 1766 0x00000202e9570690 code [0x00000202e9570800, 0x00000202e9570878]
Event: 3.949 Thread 0x00000202f823b870 nmethod 1767 0x00000202e9570990 code [0x00000202e9570b20, 0x00000202e9570bf8]
Event: 3.949 Thread 0x00000202f823b870 1768       3       com.sun.prism.impl.ManagedResource::assertLocked (18 bytes)
Event: 3.949 Thread 0x00000202f823b870 nmethod 1768 0x00000202e22afc10 code [0x00000202e22afdc0, 0x00000202e22affe8]

GC Heap History (6 events):
Event: 0.818 GC heap before
{Heap before GC invocations=0 (full 0):
 garbage-first heap   total 131072K, used 22528K [0x0000000081c00000, 0x0000000100000000)
  region size 1024K, 23 young (23552K), 0 survivors (0K)
 Metaspace       used 5240K, committed 5504K, reserved 1114112K
  class space    used 637K, committed 768K, reserved 1048576K
}
Event: 0.822 GC heap after
{Heap after GC invocations=1 (full 0):
 garbage-first heap   total 131072K, used 2641K [0x0000000081c00000, 0x0000000100000000)
  region size 1024K, 3 young (3072K), 3 survivors (3072K)
 Metaspace       used 5240K, committed 5504K, reserved 1114112K
  class space    used 637K, committed 768K, reserved 1048576K
}
Event: 1.207 GC heap before
{Heap before GC invocations=1 (full 0):
 garbage-first heap   total 131072K, used 19025K [0x0000000081c00000, 0x0000000100000000)
  region size 1024K, 20 young (20480K), 3 survivors (3072K)
 Metaspace       used 9910K, committed 10176K, reserved 1114112K
  class space    used 1279K, committed 1408K, reserved 1048576K
}
Event: 1.212 GC heap after
{Heap after GC invocations=2 (full 0):
 garbage-first heap   total 131072K, used 5934K [0x0000000081c00000, 0x0000000100000000)
  region size 1024K, 5 young (5120K), 5 survivors (5120K)
 Metaspace       used 9910K, committed 10176K, reserved 1114112K
  class space    used 1279K, committed 1408K, reserved 1048576K
}
Event: 3.938 GC heap before
{Heap before GC invocations=2 (full 0):
 garbage-first heap   total 347136K, used 257838K [0x0000000081c00000, 0x0000000100000000)
  region size 1024K, 25 young (25600K), 5 survivors (5120K)
 Metaspace       used 14743K, committed 15040K, reserved 1114112K
  class space    used 2122K, committed 2240K, reserved 1048576K
}
Event: 3.944 GC heap after
{Heap after GC invocations=3 (full 0):
 garbage-first heap   total 347136K, used 241005K [0x0000000081c00000, 0x0000000100000000)
  region size 1024K, 5 young (5120K), 5 survivors (5120K)
 Metaspace       used 14743K, committed 15040K, reserved 1114112K
  class space    used 2122K, committed 2240K, reserved 1048576K
}

Deoptimization events (20 events):
Event: 3.245 Thread 0x00000202fcf4ce70 Uncommon trap: trap_request=0xffffff45 fr.pc=0x00000202e94f2b04 relative=0x00000000000000e4
Event: 3.245 Thread 0x00000202fcf4ce70 Uncommon trap: reason=unstable_if action=reinterpret pc=0x00000202e94f2b04 method=java.util.HashMap.hash(Ljava/lang/Object;)I @ 1 c2
Event: 3.245 Thread 0x00000202fcf4ce70 DEOPT PACKING pc=0x00000202e94f2b04 sp=0x0000002dd39fd120
Event: 3.245 Thread 0x00000202fcf4ce70 DEOPT UNPACKING pc=0x00000202e1a423a3 sp=0x0000002dd39fd060 mode 2
Event: 3.247 Thread 0x00000202fcf4ce70 Uncommon trap: trap_request=0xffffff45 fr.pc=0x00000202e95313b0 relative=0x00000000000002f0
Event: 3.247 Thread 0x00000202fcf4ce70 Uncommon trap: reason=unstable_if action=reinterpret pc=0x00000202e95313b0 method=java.util.HashMap.hash(Ljava/lang/Object;)I @ 1 c2
Event: 3.247 Thread 0x00000202fcf4ce70 DEOPT PACKING pc=0x00000202e95313b0 sp=0x0000002dd39fd090
Event: 3.247 Thread 0x00000202fcf4ce70 DEOPT UNPACKING pc=0x00000202e1a423a3 sp=0x0000002dd39fcf28 mode 2
Event: 3.253 Thread 0x00000202fcf4ce70 Uncommon trap: trap_request=0xffffff45 fr.pc=0x00000202e952b330 relative=0x00000000000002f0
Event: 3.253 Thread 0x00000202fcf4ce70 Uncommon trap: reason=unstable_if action=reinterpret pc=0x00000202e952b330 method=java.util.HashMap.hash(Ljava/lang/Object;)I @ 1 c2
Event: 3.253 Thread 0x00000202fcf4ce70 DEOPT PACKING pc=0x00000202e952b330 sp=0x0000002dd39fd100
Event: 3.253 Thread 0x00000202fcf4ce70 DEOPT UNPACKING pc=0x00000202e1a423a3 sp=0x0000002dd39fd008 mode 2
Event: 3.253 Thread 0x00000202fcf4ce70 Uncommon trap: trap_request=0xffffff45 fr.pc=0x00000202e94d919c relative=0x00000000000001fc
Event: 3.253 Thread 0x00000202fcf4ce70 Uncommon trap: reason=unstable_if action=reinterpret pc=0x00000202e94d919c method=java.util.HashMap.hash(Ljava/lang/Object;)I @ 1 c2
Event: 3.253 Thread 0x00000202fcf4ce70 DEOPT PACKING pc=0x00000202e94d919c sp=0x0000002dd39fd110
Event: 3.253 Thread 0x00000202fcf4ce70 DEOPT UNPACKING pc=0x00000202e1a423a3 sp=0x0000002dd39fd0a8 mode 2
Event: 3.317 Thread 0x00000202fcf4ce70 Uncommon trap: trap_request=0xffffff45 fr.pc=0x00000202e94f8eb8 relative=0x0000000000000038
Event: 3.317 Thread 0x00000202fcf4ce70 Uncommon trap: reason=unstable_if action=reinterpret pc=0x00000202e94f8eb8 method=jdk.internal.misc.Unsafe.convEndian(ZI)I @ 4 c2
Event: 3.317 Thread 0x00000202fcf4ce70 DEOPT PACKING pc=0x00000202e94f8eb8 sp=0x0000002dd39fc520
Event: 3.317 Thread 0x00000202fcf4ce70 DEOPT UNPACKING pc=0x00000202e1a423a3 sp=0x0000002dd39fc4b8 mode 2

Classes loaded (20 events):
Event: 3.366 Loading class java/util/concurrent/ConcurrentLinkedQueue$Node
Event: 3.366 Loading class java/util/concurrent/ConcurrentLinkedQueue$Node done
Event: 3.459 Loading class java/nio/ShortBuffer
Event: 3.459 Loading class java/nio/ShortBuffer done
Event: 3.459 Loading class java/nio/DoubleBuffer
Event: 3.460 Loading class java/nio/DoubleBuffer done
Event: 3.470 Loading class java/nio/DirectFloatBufferU
Event: 3.471 Loading class java/nio/DirectFloatBufferU done
Event: 3.904 Loading class java/lang/Throwable$WrappedPrintStream
Event: 3.905 Loading class java/lang/Throwable$PrintStreamOrWriter
Event: 3.905 Loading class java/lang/Throwable$PrintStreamOrWriter done
Event: 3.905 Loading class java/lang/Throwable$WrappedPrintStream done
Event: 3.917 Loading class jdk/internal/ref/CleanerImpl$InnocuousThreadFactory
Event: 3.917 Loading class jdk/internal/ref/CleanerImpl$InnocuousThreadFactory done
Event: 3.920 Loading class jdk/internal/math/FDBigInteger
Event: 3.921 Loading class jdk/internal/math/FDBigInteger done
Event: 3.923 Loading class sun/misc/Unsafe
Event: 3.924 Loading class sun/misc/Unsafe done
Event: 3.924 Loading class java/lang/invoke/DirectMethodHandle$StaticAccessor
Event: 3.925 Loading class java/lang/invoke/DirectMethodHandle$StaticAccessor done

Classes unloaded (0 events):
No events

Classes redefined (0 events):
No events

Internal exceptions (20 events):
Event: 3.040 Thread 0x00000202fcf4ce70 Exception <a 'java/lang/NoSuchMethodError'{0x00000000885b0860}: 'void java.lang.invoke.DelegatingMethodHandle$Holder.reinvoke_L(java.lang.Object, java.lang.Object, int)'> (0x00000000885b0860) 
thrown [s\open\src\hotspot\share\interpreter\linkResolver.cpp, line 759]
Event: 3.040 Thread 0x00000202fcf4ce70 Exception <a 'java/lang/NoSuchMethodError'{0x00000000885b7c08}: 'int java.lang.invoke.DirectMethodHandle$Holder.invokeSpecial(java.lang.Object, java.lang.Object, java.lang.Object)'> (0x00000000885b7c08) 
thrown [s\open\src\hotspot\share\interpreter\linkResolver.cpp, line 759]
Event: 3.055 Thread 0x00000202fcf4ce70 Exception <a 'java/io/FileNotFoundException'{0x000000008830a478}> (0x000000008830a478) 
thrown [s\open\src\hotspot\share\prims\jni.cpp, line 516]
Event: 3.208 Thread 0x00000202fcf4ce70 Exception <a 'java/lang/ClassNotFoundException'{0x0000000087d8c1f8}: com/sun/javafx/scene/control/skin/resources/controls> (0x0000000087d8c1f8) 
thrown [s\open\src\hotspot\share\prims\jni.cpp, line 535]
Event: 3.209 Thread 0x00000202fcf4ce70 Exception <a 'java/lang/ClassNotFoundException'{0x0000000087d9a198}: com/sun/javafx/scene/control/skin/resources/controls_en> (0x0000000087d9a198) 
thrown [s\open\src\hotspot\share\prims\jni.cpp, line 535]
Event: 3.209 Thread 0x00000202fcf4ce70 Exception <a 'java/lang/ClassNotFoundException'{0x0000000087d9b130}: com/sun/javafx/scene/control/skin/resources/controls_en_US> (0x0000000087d9b130) 
thrown [s\open\src\hotspot\share\prims\jni.cpp, line 535]
Event: 3.245 Thread 0x00000202fcf4ce70 Implicit null exception at 0x00000202e94f2a60 to 0x00000202e94f2afa
Event: 3.247 Thread 0x00000202fcf4ce70 Implicit null exception at 0x00000202e953110c to 0x00000202e9531398
Event: 3.247 Thread 0x00000202fcf4ce70 Exception <a 'java/lang/NoSuchMethodError'{0x0000000087b58d20}: 'void java.lang.invoke.DirectMethodHandle$Holder.invokeSpecial(java.lang.Object, java.lang.Object, java.lang.Object, java.lang.Object, java.lang.Object, java.lang.Object)'> (0x0000000087b58d20) 
thrown [s\open\src\hotspot\share\interpreter\linkResolver.cpp, line 759]
Event: 3.250 Thread 0x00000202fcf4ce70 Exception <a 'java/lang/NoSuchMethodError'{0x0000000087b79b48}: 'java.lang.Object java.lang.invoke.DirectMethodHandle$Holder.invokeInterface(java.lang.Object, java.lang.Object, java.lang.Object)'> (0x0000000087b79b48) 
thrown [s\open\src\hotspot\share\interpreter\linkResolver.cpp, line 759]
Event: 3.250 Thread 0x00000202fcf4ce70 Exception <a 'java/lang/IncompatibleClassChangeError'{0x0000000087b7d4c8}: Found class java.lang.Object, but interface was expected> (0x0000000087b7d4c8) 
thrown [s\open\src\hotspot\share\interpreter\linkResolver.cpp, line 826]
Event: 3.253 Thread 0x00000202fcf4ce70 Implicit null exception at 0x00000202e952b08c to 0x00000202e952b318
Event: 3.253 Thread 0x00000202fcf4ce70 Implicit null exception at 0x00000202e94d8fac to 0x00000202e94d918c
Event: 3.322 Thread 0x00000202fcf4ce70 Exception <a 'java/lang/NoSuchMethodError'{0x00000000877966a0}: 'int java.lang.invoke.DirectMethodHandle$Holder.invokeSpecial(java.lang.Object, java.lang.Object, int)'> (0x00000000877966a0) 
thrown [s\open\src\hotspot\share\interpreter\linkResolver.cpp, line 759]
Event: 3.333 Thread 0x00000202fcf4ce70 Exception <a 'java/lang/NoSuchMethodError'{0x00000000877d6988}: 'java.lang.Object java.lang.invoke.DirectMethodHandle$Holder.newInvokeSpecial(java.lang.Object, java.lang.Object, int)'> (0x00000000877d6988) 
thrown [s\open\src\hotspot\share\interpreter\linkResolver.cpp, line 759]
Event: 3.356 Thread 0x00000202fc6a0e30 Exception <a 'java/lang/NoSuchMethodError'{0x00000000876c20f8}: 'int java.lang.invoke.DirectMethodHandle$Holder.invokeStaticInit(java.lang.Object, java.lang.Object)'> (0x00000000876c20f8) 
thrown [s\open\src\hotspot\share\interpreter\linkResolver.cpp, line 759]
Event: 3.367 Thread 0x00000202fcf4ce70 Exception <a 'java/lang/NoSuchMethodError'{0x0000000087676bb8}: 'long java.lang.invoke.DirectMethodHandle$Holder.invokeStatic(java.lang.Object, java.lang.Object, java.lang.Object)'> (0x0000000087676bb8) 
thrown [s\open\src\hotspot\share\interpreter\linkResolver.cpp, line 759]
Event: 3.367 Thread 0x00000202fcf4ce70 Exception <a 'java/lang/NoSuchMethodError'{0x000000008767a358}: 'long java.lang.invoke.DirectMethodHandle$Holder.invokeStaticInit(java.lang.Object, java.lang.Object, java.lang.Object)'> (0x000000008767a358) 
thrown [s\open\src\hotspot\share\interpreter\linkResolver.cpp, line 759]
Event: 3.370 Thread 0x00000202fcf4ce70 Exception <a 'java/lang/NoSuchMethodError'{0x0000000087692a98}: 'java.lang.Object java.lang.invoke.DirectMethodHandle$Holder.newInvokeSpecial(java.lang.Object, java.lang.Object, long)'> (0x0000000087692a98) 
thrown [s\open\src\hotspot\share\interpreter\linkResolver.cpp, line 759]
Event: 3.371 Thread 0x00000202fcf4ce70 Exception <a 'java/lang/NoSuchMethodError'{0x0000000087696610}: 'java.lang.Object java.lang.invoke.Invokers$Holder.linkToTargetMethod(java.lang.Object, long, java.lang.Object)'> (0x0000000087696610) 
thrown [s\open\src\hotspot\share\interpreter\linkResolver.cpp, line 759]

VM Operations (19 events):
Event: 0.182 Executing VM operation: HandshakeAllThreads
Event: 0.183 Executing VM operation: HandshakeAllThreads done
Event: 0.183 Executing VM operation: HandshakeAllThreads
Event: 0.183 Executing VM operation: HandshakeAllThreads done
Event: 0.236 Executing VM operation: HandshakeAllThreads
Event: 0.236 Executing VM operation: HandshakeAllThreads done
Event: 0.648 Executing VM operation: HandshakeAllThreads
Event: 0.648 Executing VM operation: HandshakeAllThreads done
Event: 0.818 Executing VM operation: G1CollectForAllocation
Event: 0.822 Executing VM operation: G1CollectForAllocation done
Event: 1.110 Executing VM operation: HandshakeAllThreads
Event: 1.110 Executing VM operation: HandshakeAllThreads done
Event: 1.207 Executing VM operation: G1TryInitiateConcMark
Event: 1.212 Executing VM operation: G1TryInitiateConcMark done
Event: 3.212 Executing VM operation: Cleanup
Event: 3.212 Executing VM operation: Cleanup done
Event: 3.937 Executing VM operation: G1TryInitiateConcMark
Event: 3.944 Executing VM operation: G1TryInitiateConcMark done
Event: 3.950 Executing VM operation: G1Concurrent

Events (20 events):
Event: 0.503 Loaded shared library C:\Users\Saad Suleman\.openjfx\cache\18.0.1+2\api-ms-win-crt-string-l1-1-0.dll
Event: 0.506 Loaded shared library C:\Users\Saad Suleman\.openjfx\cache\18.0.1+2\api-ms-win-crt-time-l1-1-0.dll
Event: 0.509 Loaded shared library C:\Users\Saad Suleman\.openjfx\cache\18.0.1+2\api-ms-win-crt-utility-l1-1-0.dll
Event: 0.531 Loaded shared library C:\Users\Saad Suleman\.openjfx\cache\18.0.1+2\ucrtbase.dll
Event: 0.536 Loaded shared library C:\Users\Saad Suleman\.openjfx\cache\18.0.1+2\vcruntime140.dll
Event: 0.540 Loaded shared library C:\Users\Saad Suleman\.openjfx\cache\18.0.1+2\vcruntime140_1.dll
Event: 0.552 Loaded shared library C:\Users\Saad Suleman\.openjfx\cache\18.0.1+2\msvcp140.dll
Event: 0.590 Thread 0x00000202fc6a0e30 Thread added: 0x00000202fc6a0e30
Event: 0.604 Loaded shared library C:\Users\Saad Suleman\.openjfx\cache\18.0.1+2\prism_d3d.dll
Event: 0.659 Loaded shared library C:\Users\Saad Suleman\.openjfx\cache\18.0.1+2\glass.dll
Event: 0.661 Thread 0x00000202fcf218c0 Thread added: 0x00000202fcf218c0
Event: 0.664 Thread 0x00000202fcf4ce70 Thread added: 0x00000202fcf4ce70
Event: 0.756 Thread 0x00000202fd4c6410 Thread added: 0x00000202fd4c6410
Event: 0.762 Thread 0x00000202fceaee40 Thread added: 0x00000202fceaee40
Event: 0.796 Loaded shared library C:\Users\Saad Suleman\.jdks\openjdk-18.0.2.1\bin\jimage.dll
Event: 1.019 Loaded shared library C:\Users\Saad Suleman\.openjfx\cache\18.0.1+2\javafx_font.dll
Event: 1.053 Thread 0x00000202fcf7dd40 Thread added: 0x00000202fcf7dd40
Event: 1.367 Thread 0x00000202fc5603a0 Thread exited: 0x00000202fc5603a0
Event: 1.367 Thread 0x00000202fc55de90 Thread exited: 0x00000202fc55de90
Event: 3.917 Thread 0x00000202fcf7c060 Thread added: 0x00000202fcf7c060


Dynamic libraries:
0x00007ff68c6e0000 - 0x00007ff68c6ee000 	C:\Users\Saad Suleman\.jdks\openjdk-18.0.2.1\bin\java.exe
0x00007ffc2a890000 - 0x00007ffc2aa88000 	C:\Windows\SYSTEM32\ntdll.dll
0x00007ffc29620000 - 0x00007ffc296df000 	C:\Windows\System32\KERNEL32.DLL
0x00007ffc28180000 - 0x00007ffc28452000 	C:\Windows\System32\KERNELBASE.dll
0x00007ffc28660000 - 0x00007ffc28760000 	C:\Windows\System32\ucrtbase.dll
0x00007ffc0f450000 - 0x00007ffc0f467000 	C:\Users\Saad Suleman\.jdks\openjdk-18.0.2.1\bin\jli.dll
0x00007ffc09f90000 - 0x00007ffc09faa000 	C:\Users\Saad Suleman\.jdks\openjdk-18.0.2.1\bin\VCRUNTIME140.dll
0x00007ffc29150000 - 0x00007ffc292f1000 	C:\Windows\System32\USER32.dll
0x00007ffc11750000 - 0x00007ffc119ea000 	C:\Windows\WinSxS\amd64_microsoft.windows.common-controls_6595b64144ccf1df_6.0.19041.1110_none_60b5254171f9507e\COMCTL32.dll
0x00007ffc28040000 - 0x00007ffc28062000 	C:\Windows\System32\win32u.dll
0x00007ffc2a0a0000 - 0x00007ffc2a13e000 	C:\Windows\System32\msvcrt.dll
0x00007ffc29f70000 - 0x00007ffc29f9b000 	C:\Windows\System32\GDI32.dll
0x00007ffc28070000 - 0x00007ffc2817f000 	C:\Windows\System32\gdi32full.dll
0x00007ffc285c0000 - 0x00007ffc2865d000 	C:\Windows\System32\msvcp_win.dll
0x00007ffc29f30000 - 0x00007ffc29f62000 	C:\Windows\System32\IMM32.DLL
0x00007ffc236d0000 - 0x00007ffc236dc000 	C:\Users\Saad Suleman\.jdks\openjdk-18.0.2.1\bin\vcruntime140_1.dll
0x00007ffc09f00000 - 0x00007ffc09f8d000 	C:\Users\Saad Suleman\.jdks\openjdk-18.0.2.1\bin\msvcp140.dll
0x00007ffba7a40000 - 0x00007ffba8651000 	C:\Users\Saad Suleman\.jdks\openjdk-18.0.2.1\bin\server\jvm.dll
0x00007ffc288d0000 - 0x00007ffc2897e000 	C:\Windows\System32\ADVAPI32.dll
0x00007ffc29910000 - 0x00007ffc299ac000 	C:\Windows\System32\sechost.dll
0x00007ffc2a720000 - 0x00007ffc2a845000 	C:\Windows\System32\RPCRT4.dll
0x00007ffc2a140000 - 0x00007ffc2a148000 	C:\Windows\System32\PSAPI.DLL
0x00007ffc124b0000 - 0x00007ffc124d7000 	C:\Windows\SYSTEM32\WINMM.dll
0x00007ffc0e7c0000 - 0x00007ffc0e7c9000 	C:\Windows\SYSTEM32\WSOCK32.dll
0x00007ffc21be0000 - 0x00007ffc21bea000 	C:\Windows\SYSTEM32\VERSION.dll
0x00007ffc29fa0000 - 0x00007ffc2a00b000 	C:\Windows\System32\WS2_32.dll
0x00007ffc267c0000 - 0x00007ffc267d2000 	C:\Windows\SYSTEM32\kernel.appcore.dll
0x00007ffc0d020000 - 0x00007ffc0d02a000 	C:\Users\Saad Suleman\.jdks\openjdk-18.0.2.1\bin\jimage.dll
0x00007ffc264d0000 - 0x00007ffc266b4000 	C:\Windows\SYSTEM32\DBGHELP.DLL
0x00007ffc0e810000 - 0x00007ffc0e845000 	C:\Windows\SYSTEM32\dbgcore.DLL
0x00007ffc28810000 - 0x00007ffc28892000 	C:\Windows\System32\bcryptPrimitives.dll
0x00007ffc0cff0000 - 0x00007ffc0cffe000 	C:\Users\Saad Suleman\.jdks\openjdk-18.0.2.1\bin\instrument.dll
0x00007ffc09ed0000 - 0x00007ffc09ef5000 	C:\Users\Saad Suleman\.jdks\openjdk-18.0.2.1\bin\java.dll
0x00007ffbf9b50000 - 0x00007ffbf9c26000 	C:\Users\Saad Suleman\.jdks\openjdk-18.0.2.1\bin\jsvml.dll
0x00007ffc28a00000 - 0x00007ffc29144000 	C:\Windows\System32\SHELL32.dll
0x00007ffc25c70000 - 0x00007ffc26402000 	C:\Windows\SYSTEM32\windows.storage.dll
0x00007ffc2a3c0000 - 0x00007ffc2a715000 	C:\Windows\System32\combase.dll
0x00007ffc279e0000 - 0x00007ffc27a10000 	C:\Windows\SYSTEM32\Wldp.dll
0x00007ffc29e80000 - 0x00007ffc29f2d000 	C:\Windows\System32\SHCORE.dll
0x00007ffc299b0000 - 0x00007ffc29a05000 	C:\Windows\System32\shlwapi.dll
0x00007ffc27ec0000 - 0x00007ffc27edf000 	C:\Windows\SYSTEM32\profapi.dll
0x00007ffc09eb0000 - 0x00007ffc09ec3000 	C:\Users\Saad Suleman\.jdks\openjdk-18.0.2.1\bin\net.dll
0x00007ffc1eb50000 - 0x00007ffc1ec5c000 	C:\Windows\SYSTEM32\WINHTTP.dll
0x00007ffc27740000 - 0x00007ffc277aa000 	C:\Windows\system32\mswsock.dll
0x00007ffc09e90000 - 0x00007ffc09ea6000 	C:\Users\Saad Suleman\.jdks\openjdk-18.0.2.1\bin\nio.dll
0x00007ffc09e70000 - 0x00007ffc09e88000 	C:\Users\Saad Suleman\.jdks\openjdk-18.0.2.1\bin\zip.dll
0x00007ffc02710000 - 0x00007ffc0272a000 	C:\Program Files\JetBrains\IntelliJ IDEA 2022.2.4\bin\breakgen64.dll
0x00000202d8080000 - 0x00000202d8083000 	C:\Users\Saad Suleman\.openjfx\cache\18.0.1+2\api-ms-win-core-console-l1-1-0.dll
0x00000202d8090000 - 0x00000202d8093000 	C:\Users\Saad Suleman\.openjfx\cache\18.0.1+2\api-ms-win-core-console-l1-2-0.dll
0x00000202d80a0000 - 0x00000202d80a3000 	C:\Users\Saad Suleman\.openjfx\cache\18.0.1+2\api-ms-win-core-datetime-l1-1-0.dll
0x00000202d80b0000 - 0x00000202d80b3000 	C:\Users\Saad Suleman\.openjfx\cache\18.0.1+2\api-ms-win-core-debug-l1-1-0.dll
0x00000202d80c0000 - 0x00000202d80c3000 	C:\Users\Saad Suleman\.openjfx\cache\18.0.1+2\api-ms-win-core-errorhandling-l1-1-0.dll
0x00000202da040000 - 0x00000202da044000 	C:\Users\Saad Suleman\.openjfx\cache\18.0.1+2\api-ms-win-core-file-l1-1-0.dll
0x00000202da050000 - 0x00000202da053000 	C:\Users\Saad Suleman\.openjfx\cache\18.0.1+2\api-ms-win-core-file-l1-2-0.dll
0x00000202da060000 - 0x00000202da063000 	C:\Users\Saad Suleman\.openjfx\cache\18.0.1+2\api-ms-win-core-file-l2-1-0.dll
0x00000202da070000 - 0x00000202da073000 	C:\Users\Saad Suleman\.openjfx\cache\18.0.1+2\api-ms-win-core-handle-l1-1-0.dll
0x00000202f83d0000 - 0x00000202f83d3000 	C:\Users\Saad Suleman\.openjfx\cache\18.0.1+2\api-ms-win-core-heap-l1-1-0.dll
0x00000202f83e0000 - 0x00000202f83e3000 	C:\Users\Saad Suleman\.openjfx\cache\18.0.1+2\api-ms-win-core-interlocked-l1-1-0.dll
0x00000202f83f0000 - 0x00000202f83f3000 	C:\Users\Saad Suleman\.openjfx\cache\18.0.1+2\api-ms-win-core-libraryloader-l1-1-0.dll
0x00000202fd000000 - 0x00000202fd003000 	C:\Users\Saad Suleman\.openjfx\cache\18.0.1+2\api-ms-win-core-localization-l1-2-0.dll
0x00000202fd010000 - 0x00000202fd013000 	C:\Users\Saad Suleman\.openjfx\cache\18.0.1+2\api-ms-win-core-memory-l1-1-0.dll
0x00000202fd020000 - 0x00000202fd023000 	C:\Users\Saad Suleman\.openjfx\cache\18.0.1+2\api-ms-win-core-namedpipe-l1-1-0.dll
0x00000202fd030000 - 0x00000202fd033000 	C:\Users\Saad Suleman\.openjfx\cache\18.0.1+2\api-ms-win-core-processenvironment-l1-1-0.dll
0x00000202fd040000 - 0x00000202fd043000 	C:\Users\Saad Suleman\.openjfx\cache\18.0.1+2\api-ms-win-core-processthreads-l1-1-0.dll
0x00000202fd050000 - 0x00000202fd053000 	C:\Users\Saad Suleman\.openjfx\cache\18.0.1+2\api-ms-win-core-processthreads-l1-1-1.dll
0x00000202fd060000 - 0x00000202fd063000 	C:\Users\Saad Suleman\.openjfx\cache\18.0.1+2\api-ms-win-core-profile-l1-1-0.dll
0x00000202fd070000 - 0x00000202fd073000 	C:\Users\Saad Suleman\.openjfx\cache\18.0.1+2\api-ms-win-core-rtlsupport-l1-1-0.dll
0x00000202fd080000 - 0x00000202fd083000 	C:\Users\Saad Suleman\.openjfx\cache\18.0.1+2\api-ms-win-core-string-l1-1-0.dll
0x00000202fd090000 - 0x00000202fd093000 	C:\Users\Saad Suleman\.openjfx\cache\18.0.1+2\api-ms-win-core-synch-l1-1-0.dll
0x00000202fd0a0000 - 0x00000202fd0a3000 	C:\Users\Saad Suleman\.openjfx\cache\18.0.1+2\api-ms-win-core-synch-l1-2-0.dll
0x00000202fd0b0000 - 0x00000202fd0b3000 	C:\Users\Saad Suleman\.openjfx\cache\18.0.1+2\api-ms-win-core-sysinfo-l1-1-0.dll
0x00000202fd0c0000 - 0x00000202fd0c3000 	C:\Users\Saad Suleman\.openjfx\cache\18.0.1+2\api-ms-win-core-timezone-l1-1-0.dll
0x00000202fd0d0000 - 0x00000202fd0d3000 	C:\Users\Saad Suleman\.openjfx\cache\18.0.1+2\api-ms-win-core-util-l1-1-0.dll
0x00000202fd0e0000 - 0x00000202fd0e3000 	C:\Users\Saad Suleman\.openjfx\cache\18.0.1+2\api-ms-win-crt-conio-l1-1-0.dll
0x00000202fd0f0000 - 0x00000202fd0f4000 	C:\Users\Saad Suleman\.openjfx\cache\18.0.1+2\api-ms-win-crt-convert-l1-1-0.dll
0x00000202fd100000 - 0x00000202fd103000 	C:\Users\Saad Suleman\.openjfx\cache\18.0.1+2\api-ms-win-crt-environment-l1-1-0.dll
0x00000202fd110000 - 0x00000202fd113000 	C:\Users\Saad Suleman\.openjfx\cache\18.0.1+2\api-ms-win-crt-filesystem-l1-1-0.dll
0x00000202fd120000 - 0x00000202fd123000 	C:\Users\Saad Suleman\.openjfx\cache\18.0.1+2\api-ms-win-crt-heap-l1-1-0.dll
0x00000202fd130000 - 0x00000202fd133000 	C:\Users\Saad Suleman\.openjfx\cache\18.0.1+2\api-ms-win-crt-locale-l1-1-0.dll
0x00000202fd140000 - 0x00000202fd145000 	C:\Users\Saad Suleman\.openjfx\cache\18.0.1+2\api-ms-win-crt-math-l1-1-0.dll
0x00000202fd150000 - 0x00000202fd155000 	C:\Users\Saad Suleman\.openjfx\cache\18.0.1+2\api-ms-win-crt-multibyte-l1-1-0.dll
0x00000202fd160000 - 0x00000202fd170000 	C:\Users\Saad Suleman\.openjfx\cache\18.0.1+2\api-ms-win-crt-private-l1-1-0.dll
0x00000202fd170000 - 0x00000202fd173000 	C:\Users\Saad Suleman\.openjfx\cache\18.0.1+2\api-ms-win-crt-process-l1-1-0.dll
0x00000202fd180000 - 0x00000202fd184000 	C:\Users\Saad Suleman\.openjfx\cache\18.0.1+2\api-ms-win-crt-runtime-l1-1-0.dll
0x00000202fd190000 - 0x00000202fd194000 	C:\Users\Saad Suleman\.openjfx\cache\18.0.1+2\api-ms-win-crt-stdio-l1-1-0.dll
0x00000202fd1a0000 - 0x00000202fd1a4000 	C:\Users\Saad Suleman\.openjfx\cache\18.0.1+2\api-ms-win-crt-string-l1-1-0.dll
0x00000202fd1b0000 - 0x00000202fd1b3000 	C:\Users\Saad Suleman\.openjfx\cache\18.0.1+2\api-ms-win-crt-time-l1-1-0.dll
0x00000202fd1c0000 - 0x00000202fd1c3000 	C:\Users\Saad Suleman\.openjfx\cache\18.0.1+2\api-ms-win-crt-utility-l1-1-0.dll
0x00007ffbe2120000 - 0x00007ffbe221c000 	C:\Users\Saad Suleman\.openjfx\cache\18.0.1+2\ucrtbase.dll
0x00007ffc23800000 - 0x00007ffc2381a000 	C:\Users\Saad Suleman\.openjfx\cache\18.0.1+2\vcruntime140.dll
0x00007ffc237f0000 - 0x00007ffc237fc000 	C:\Users\Saad Suleman\.openjfx\cache\18.0.1+2\vcruntime140_1.dll
0x00007ffbe1aa0000 - 0x00007ffbe1b2d000 	C:\Users\Saad Suleman\.openjfx\cache\18.0.1+2\msvcp140.dll
0x00007ffbfbb20000 - 0x00007ffbfbb4c000 	C:\Users\Saad Suleman\.openjfx\cache\18.0.1+2\prism_d3d.dll
0x00007ffc15700000 - 0x00007ffc158ce000 	C:\Windows\system32\d3d9.dll
0x00007ffc258b0000 - 0x00007ffc258df000 	C:\Windows\SYSTEM32\dwmapi.dll
0x00007ffc254d0000 - 0x00007ffc2556e000 	C:\Windows\system32\uxtheme.dll
0x00007ffc22850000 - 0x00007ffc229f2000 	C:\Windows\System32\DriverStore\FileRepository\iigd_dch.inf_amd64_d0b39b11619fd0c4\igdumdim64.dll
0x00007ffc296e0000 - 0x00007ffc2980a000 	C:\Windows\System32\ole32.dll
0x00007ffbe3c70000 - 0x00007ffbe7880000 	C:\Windows\System32\DriverStore\FileRepository\iigd_dch.inf_amd64_d0b39b11619fd0c4\igd9dxva64.dll
0x00007ffc29810000 - 0x00007ffc298dd000 	C:\Windows\System32\OLEAUT32.dll
0x00007ffc29a10000 - 0x00007ffc29e78000 	C:\Windows\System32\SETUPAPI.dll
0x00007ffc27f80000 - 0x00007ffc27fce000 	C:\Windows\System32\cfgmgr32.dll
0x00007ffc288a0000 - 0x00007ffc288c7000 	C:\Windows\System32\bcrypt.dll
0x00007ffc1c140000 - 0x00007ffc1c507000 	C:\Windows\System32\DriverStore\FileRepository\iigd_dch.inf_amd64_d0b39b11619fd0c4\igdgmm64.dll
0x00007ffbf5450000 - 0x00007ffbf5492000 	C:\Users\Saad Suleman\.openjfx\cache\18.0.1+2\glass.dll
0x00007ffc29300000 - 0x00007ffc293da000 	C:\Windows\System32\COMDLG32.dll
0x00007ffc29500000 - 0x00007ffc29615000 	C:\Windows\System32\MSCTF.dll
0x00007ffc22d70000 - 0x00007ffc22d97000 	C:\Windows\System32\DriverStore\FileRepository\iigd_dch.inf_amd64_d0b39b11619fd0c4\igdinfo64.dll
0x00007ffc18840000 - 0x00007ffc1bdf2000 	C:\Windows\System32\DriverStore\FileRepository\iigd_dch.inf_amd64_d0b39b11619fd0c4\igc64.dll
0x00007ffc1e110000 - 0x00007ffc1e14b000 	C:\Windows\SYSTEM32\dxcore.dll
0x00007ffbf8570000 - 0x00007ffbf8584000 	C:\Users\Saad Suleman\.openjfx\cache\18.0.1+2\javafx_font.dll
0x00007ffc14550000 - 0x00007ffc147cf000 	C:\Windows\SYSTEM32\dwrite.dll
0x00007ffc293e0000 - 0x00007ffc2948f000 	C:\Windows\System32\clbcatq.dll
0x00007ffc20ec0000 - 0x00007ffc21074000 	C:\Windows\SYSTEM32\WindowsCodecs.dll
0x00007ffbfb080000 - 0x00007ffbfb0be000 	C:\Windows\system32\dataexchange.dll
0x00007ffc23e80000 - 0x00007ffc240e3000 	C:\Windows\system32\d3d11.dll
0x00007ffc246f0000 - 0x00007ffc248d3000 	C:\Windows\system32\dcomp.dll
0x00007ffc26840000 - 0x00007ffc26933000 	C:\Windows\system32\dxgi.dll
0x00007ffc212a0000 - 0x00007ffc214a0000 	C:\Windows\system32\twinapi.appcore.dll
0x00007ffbf59e0000 - 0x00007ffbf5a14000 	C:\Program Files\Common Files\Microsoft Shared\Ink\rtscom.dll
0x00007ffc17180000 - 0x00007ffc17279000 	C:\Windows\SYSTEM32\textinputframework.dll
0x00007ffc248e0000 - 0x00007ffc24c3e000 	C:\Windows\System32\CoreUIComponents.dll
0x00007ffc24fc0000 - 0x00007ffc250b2000 	C:\Windows\System32\CoreMessaging.dll
0x00007ffc27110000 - 0x00007ffc27143000 	C:\Windows\SYSTEM32\ntmarta.dll
0x00007ffc23880000 - 0x00007ffc239d4000 	C:\Windows\SYSTEM32\wintypes.dll
0x00007ffc240f0000 - 0x00007ffc246b0000 	C:\Windows\SYSTEM32\d2d1.dll
0x00007ffc1ec60000 - 0x00007ffc1f356000 	C:\Windows\SYSTEM32\D3D10Warp.dll

dbghelp: loaded successfully - version: 4.0.5 - missing functions: none
symbol engine: initialized successfully - sym options: 0x614 - pdb path: .;C:\Users\Saad Suleman\.jdks\openjdk-18.0.2.1\bin;C:\Windows\SYSTEM32;C:\Windows\WinSxS\amd64_microsoft.windows.common-controls_6595b64144ccf1df_6.0.19041.1110_none_60b5254171f9507e;C:\Users\Saad Suleman\.jdks\openjdk-18.0.2.1\bin\server;C:\Program Files\JetBrains\IntelliJ IDEA 2022.2.4\bin;C:\Users\Saad Suleman\.openjfx\cache\18.0.1+2;C:\Windows\System32\DriverStore\FileRepository\iigd_dch.inf_amd64_d0b39b11619fd0c4;C:\Program Files\Common Files\Microsoft Shared\Ink

VM Arguments:
jvm_args: -javaagent:C:\Program Files\JetBrains\IntelliJ IDEA 2022.2.4\lib\idea_rt.jar=1771:C:\Program Files\JetBrains\IntelliJ IDEA 2022.2.4\bin -Dfile.encoding=UTF-8 -Dsun.stdout.encoding=UTF-8 -Dsun.stderr.encoding=UTF-8 --module-path=C:\Users\Saad Suleman\.m2\repository\org\openjfx\javafx-fxml\18.0.1\javafx-fxml-18.0.1-win.jar;C:\Users\Saad Suleman\.m2\repository\org\openjfx\javafx-base\18.0.1\javafx-base-18.0.1-win.jar;C:\Users\Saad Suleman\.m2\repository\org\openjfx\javafx-graphics\18.0.1\javafx-graphics-18.0.1-win.jar;D:\PrivatePRoject\Privateproject\AHHASC\target\classes;C:\Users\Saad Suleman\.m2\repository\org\openjfx\javafx-controls\18.0.1\javafx-controls-18.0.1-win.jar -Djdk.module.main=com.example.ahhasc 
java_command: com.example.ahhasc/com.example.ahhasc.Main
java_class_path (initial): C:\Users\Saad Suleman\.m2\repository\org\openjfx\javafx-controls\18.0.1\javafx-controls-18.0.1.jar;C:\Users\Saad Suleman\.m2\repository\org\openjfx\javafx-graphics\18.0.1\javafx-graphics-18.0.1.jar;C:\Users\Saad Suleman\.m2\repository\org\openjfx\javafx-base\18.0.1\javafx-base-18.0.1.jar;C:\Users\Saad Suleman\.m2\repository\org\openjfx\javafx-fxml\18.0.1\javafx-fxml-18.0.1.jar
Launcher Type: SUN_STANDARD

[Global flags]
     intx CICompilerCount                          = 4                                         {product} {ergonomic}
     uint ConcGCThreads                            = 2                                         {product} {ergonomic}
     uint G1ConcRefinementThreads                  = 8                                         {product} {ergonomic}
   size_t G1HeapRegionSize                         = 1048576                                   {product} {ergonomic}
    uintx GCDrainStackTargetSize                   = 64                                        {product} {ergonomic}
   size_t InitialHeapSize                          = 134217728                                 {product} {ergonomic}
   size_t MarkStackSize                            = 4194304                                   {product} {ergonomic}
   size_t MaxHeapSize                              = 2118123520                                {product} {ergonomic}
   size_t MaxNewSize                               = 1270874112                                {product} {ergonomic}
   size_t MinHeapDeltaBytes                        = 1048576                                   {product} {ergonomic}
   size_t MinHeapSize                              = 8388608                                   {product} {ergonomic}
    uintx NonNMethodCodeHeapSize                   = 5839372                                {pd product} {ergonomic}
    uintx NonProfiledCodeHeapSize                  = 122909434                              {pd product} {ergonomic}
    uintx ProfiledCodeHeapSize                     = 122909434                              {pd product} {ergonomic}
    uintx ReservedCodeCacheSize                    = 251658240                              {pd product} {ergonomic}
     bool SegmentedCodeCache                       = true                                      {product} {ergonomic}
   size_t SoftMaxHeapSize                          = 2118123520                             {manageable} {ergonomic}
     bool UseCompressedClassPointers               = true                           {product lp64_product} {ergonomic}
     bool UseCompressedOops                        = true                           {product lp64_product} {ergonomic}
     bool UseG1GC                                  = true                                      {product} {ergonomic}
     bool UseLargePagesIndividualAllocation        = false                                  {pd product} {ergonomic}

Logging:
Log output configuration:
 #0: stdout all=warning uptime,level,tags foldmultilines=false
 #1: stderr all=off uptime,level,tags foldmultilines=false

Environment Variables:
JAVA_HOME=C:\Program Files\Java\jdk-18.0.2.1
PATH=C:\Program Files\Common Files\Oracle\Java\javapath;C:\ProgramData\Oracle\Java\javapath;C:\Program Files (x86)\Common Files\Intel\Shared Libraries\redist\intel64\compiler;C:\Windows\system32;C:\Windows;C:\Windows\System32\Wbem;C:\Windows\System32\WindowsPowerShell\v1.0\;C:\Windows\System32\OpenSSH\;C:\Program Files\dotnet\;C:\Program Files (x86)\Intel\Intel(R) Management Engine Components\DAL;C:\Program Files\Intel\Intel(R) Management Engine Components\DAL;C:\Program Files (x86)\NVIDIA Corporation\PhysX\Common;C:\Program Files\Java\jdk-18.0.2.1\bin;C:\Program Files\Git\cmd;C:\Users\Saad Suleman\Desktop\apache-maven-3.8.6-bin\apache-maven-3.8.6\bin;C:\Program Files\Common Files\Oracle\Java\javapath;C:\ProgramData\Oracle\Java\javapath;C:\Program Files (x86)\Common Files\Intel\Shared Libraries\redist\intel64\compiler;C:\Windows\system32;C:\Windows;C:\Windows\System32\Wbem;C:\Windows\System32\WindowsPowerShell\v1.0\;C:\Windows\System32\OpenSSH\;C:\Program Files\dotnet\;C:\Program Files (x86)\Intel\Intel(R) Management Engine Components\DAL;C:\Program Files\Intel\Intel(R) Management Engine Components\DAL;C:\Program Files (x86)\NVIDIA Corporation\PhysX\Common;C:\Program Files\Java\jdk-18.0.2.1\bin;C:\Program Files\Git\cmd;C:\Users\Saad Suleman\Desktop\apache-maven-3.8.6-bin\apache-maven-3.8.6\bin;C:\Program Files\MySQL\MySQL Shell 8.0\bin\;C:\Users\Saad Suleman\AppData\Local\Microsoft\WindowsApps;C:\Program Files\JetBrains\IntelliJ IDEA Community Edition 2022.2.2\bin;C:\Users\Saad Suleman\AppData\Local\GitHubDesktop\bin;C:\Program Files\JetBrains\DataGrip 2022.2.5\bin;C:\Users\Saad Suleman\AppData\Local\Programs\Azure Data Studio\bin
USERNAME=Saad Suleman
OS=Windows_NT
PROCESSOR_IDENTIFIER=Intel64 Family 6 Model 158 Stepping 9, GenuineIntel



---------------  S Y S T E M  ---------------

OS:
 Windows 10 , 64 bit Build 19041 (10.0.19041.2364)
OS uptime: 0 days 20:19 hours

CPU: total 8 (initial active 8) (4 cores per cpu, 2 threads per core) family 6 model 158 stepping 9 microcode 0xf0, cx8, cmov, fxsr, ht, mmx, 3dnowpref, sse, sse2, sse3, ssse3, sse4.1, sse4.2, popcnt, lzcnt, tsc, tscinvbit, avx, avx2, aes, erms, clmul, bmi1, bmi2, rtm, adx, fma, vzeroupper, clflush, clflushopt

Memory: 4k page, system-wide physical 8072M (14M free)
TotalPageFile size 23256M (AvailPageFile size 9M)
current process WorkingSet (physical memory assigned to process): 765M, peak: 765M
current process commit charge ("private bytes"): 900M, peak: 960M

vm_info: OpenJDK 64-Bit Server VM (18.0.2.1+1-1) for windows-amd64 JRE (18.0.2.1+1-1), built on Aug 16 2022 01:44:29 by "mach5one" with MS VC++ 16.8 / 16.9 (VS2019)

END.
